GlobalTracer.robotStartMode_Info: [0.878] Sat Feb 29 14:45:04 PST 2020: ***** AUTO_MODE *****
GlobalTracer.Shooter.setManualOverrideEnabled_Info: [1.025] Shooter manual override enabled=false
GlobalTracer.Conveyor.setManualOverrideEnabled_Info: [1.032] Conveyor manual override enabled=false
GlobalTracer.FrcAuto_Info: <Info name="MatchInfo" date="Sat Feb 29 14:45:04 PST 2020" type="Qualification" number="20" />
GlobalTracer.FrcAuto_Info: <Info name="AutoChoices" alliance="Blue" delay="0.0" strategy="SHOOTER_AUTO" startPos="IN_VISION" shooterAutoAfter="NOTHING" />
GlobalTracer.FrcAuto.startMode_Info: WASNO_Qualification020 (Blue2) [FMSConnected=true] msg=
GlobalTracer.CmdShooterAuto.start_Info: Starting with options: delay=0.000,startPosition=IN_VISION,afterAction=NOTHING
GlobalTracer.CmdShooterAuto.cmdPeriodic_Info: [1.223] CurrState=DELAY
GlobalTracer.FrcAuto.runPeriodic_Info: [1.236] detected=true, x=2.2,y=-0.7, depth=137.3, area=1.7
GlobalTracer.startCompetition_Warn: AUTO_MODE took too long (1.283s)
GlobalTracer.CmdShooterAuto.cmdPeriodic_Info: [1.291] CurrState=LOCALIZE
GlobalTracer.CmdShooterAuto.localizeAtStart_Info: Vison xDist=4.83
GlobalTracer.CmdShooterAuto.localizeAtStart_Info: [1.294] Localizing to pose: (x=223.8,y=-18.5,angle=0.0)
GlobalTracer.FrcAuto.runPeriodic_Info: [1.296] detected=true, x=2.2,y=-0.7, depth=137.3, area=1.7
GlobalTracer.CmdShooterAuto.cmdPeriodic_Info: [1.300] CurrState=SHOOT
GlobalTracer.FrcAuto.runPeriodic_Info: [1.312] detected=true, x=2.2,y=-0.7, depth=137.3, area=1.7
GlobalTracer.AutoShooter.shooterTask_Info: Shooting alignment active - x=0.00,y=-0.00,rot=-0.01
GlobalTracer.AutoShooter.readyToShoot_Info: [1.376] Shooter readiness: vel=true,pitch=true,heading=false,time=true - headingErr=-0.5
GlobalTracer.AutoShooter.shooterTask_Info: [1.379] Shooting autoshoot active - event=false,balls=3,ready=false
GlobalTracer.startCompetition_Warn: AUTO_MODE.postContinuousTasks took too long (0.065s)
GlobalTracer.FrcAuto.runPeriodic_Info: [1.386] detected=true, x=2.2,y=-0.7, depth=137.3, area=1.7
GlobalTracer.AutoShooter.shooterTask_Info: Shooting alignment active - x=0.00,y=-0.00,rot=-0.01
GlobalTracer.AutoShooter.readyToShoot_Info: [1.391] Shooter readiness: vel=true,pitch=true,heading=false,time=true - headingErr=-0.5
GlobalTracer.AutoShooter.shooterTask_Info: [1.393] Shooting autoshoot active - event=false,balls=3,ready=false
GlobalTracer.AutoShooter.shooterTask_Info: Shooting alignment active - x=0.00,y=-0.00,rot=-0.01
GlobalTracer.AutoShooter.readyToShoot_Info: [1.401] Shooter readiness: vel=true,pitch=true,heading=false,time=true - headingErr=-0.5
GlobalTracer.AutoShooter.shooterTask_Info: [1.402] Shooting autoshoot active - event=false,balls=3,ready=false
GlobalTracer.FrcAuto.runPeriodic_Info: [1.407] detected=true, x=2.3,y=-0.6, depth=136.7, area=1.7
GlobalTracer.AutoShooter.shooterTask_Info: Shooting alignment active - x=0.00,y=-0.00,rot=-0.00
GlobalTracer.AutoShooter.readyToShoot_Info: [1.414] Shooter readiness: vel=true,pitch=true,heading=false,time=true - headingErr=-0.4
GlobalTracer.AutoShooter.shooterTask_Info: [1.415] Shooting autoshoot active - event=false,balls=3,ready=false
GlobalTracer.FrcAuto.runPeriodic_Info: [1.419] detected=true, x=2.3,y=-0.6, depth=136.7, area=1.7
GlobalTracer.AutoShooter.shooterTask_Info: Shooting alignment active - x=0.00,y=-0.00,rot=-0.00
GlobalTracer.AutoShooter.readyToShoot_Info: [1.424] Shooter readiness: vel=true,pitch=true,heading=false,time=true - headingErr=-0.4
GlobalTracer.AutoShooter.shooterTask_Info: [1.427] Shooting autoshoot active - event=false,balls=3,ready=false
GlobalTracer.AutoShooter.shooterTask_Info: Shooting alignment active - x=0.00,y=-0.00,rot=-0.00
GlobalTracer.AutoShooter.readyToShoot_Info: [1.434] Shooter readiness: vel=false,pitch=true,heading=false,time=true - headingErr=-0.4
GlobalTracer.AutoShooter.shooterTask_Info: [1.435] Shooting autoshoot active - event=false,balls=3,ready=false
GlobalTracer.FrcAuto.runPeriodic_Info: [1.440] detected=true, x=2.4,y=-0.6, depth=136.5, area=1.7
GlobalTracer.AutoShooter.shooterTask_Info: Shooting alignment active - x=0.00,y=-0.00,rot=-0.00
GlobalTracer.AutoShooter.readyToShoot_Info: [1.447] Shooter readiness: vel=false,pitch=true,heading=false,time=true - headingErr=-0.3
GlobalTracer.AutoShooter.shooterTask_Info: [1.449] Shooting autoshoot active - event=false,balls=3,ready=false
GlobalTracer.AutoShooter.shooterTask_Info: Shooting alignment active - x=0.00,y=-0.00,rot=-0.00
GlobalTracer.AutoShooter.readyToShoot_Info: [1.459] Shooter readiness: vel=false,pitch=true,heading=false,time=true - headingErr=-0.3
GlobalTracer.AutoShooter.shooterTask_Info: [1.461] Shooting autoshoot active - event=false,balls=3,ready=false
GlobalTracer.FrcAuto.runPeriodic_Info: [1.463] detected=true, x=2.4,y=-0.6, depth=136.5, area=1.7
GlobalTracer.AutoShooter.shooterTask_Info: Shooting alignment active - x=0.00,y=-0.00,rot=-0.00
GlobalTracer.AutoShooter.readyToShoot_Info: [1.469] Shooter readiness: vel=false,pitch=true,heading=false,time=true - headingErr=-0.3
GlobalTracer.AutoShooter.shooterTask_Info: [1.471] Shooting autoshoot active - event=false,balls=3,ready=false
GlobalTracer.AutoShooter.shooterTask_Info: Shooting alignment active - x=0.00,y=-0.00,rot=-0.00
GlobalTracer.AutoShooter.readyToShoot_Info: [1.481] Shooter readiness: vel=false,pitch=true,heading=false,time=true - headingErr=-0.2
GlobalTracer.AutoShooter.shooterTask_Info: [1.482] Shooting autoshoot active - event=false,balls=3,ready=false
GlobalTracer.FrcAuto.runPeriodic_Info: [1.486] detected=true, x=2.4,y=-1.2, depth=139.8, area=1.6
GlobalTracer.AutoShooter.shooterTask_Info: Shooting alignment active - x=0.00,y=-0.00,rot=-0.00
GlobalTracer.AutoShooter.readyToShoot_Info: [1.493] Shooter readiness: vel=false,pitch=true,heading=false,time=true - headingErr=-0.3
GlobalTracer.AutoShooter.shooterTask_Info: [1.495] Shooting autoshoot active - event=false,balls=3,ready=false
GlobalTracer.FrcAuto.runPeriodic_Info: [1.501] detected=true, x=2.4,y=-1.2, depth=139.8, area=1.6
GlobalTracer.AutoShooter.shooterTask_Info: Shooting alignment active - x=0.00,y=-0.00,rot=-0.00
GlobalTracer.AutoShooter.readyToShoot_Info: [1.519] Shooter readiness: vel=false,pitch=true,heading=true,time=true - headingErr=-0.2
GlobalTracer.AutoShooter.shooterTask_Info: [1.521] Shooting autoshoot active - event=false,balls=3,ready=false
GlobalTracer.FrcAuto.runPeriodic_Info: [1.528] detected=true, x=2.5,y=-0.9, depth=138.4, area=1.6
GlobalTracer.AutoShooter.readyToShoot_Info: [1.533] Shooter readiness: vel=false,pitch=true,heading=true,time=true - headingErr=-0.2
GlobalTracer.AutoShooter.shooterTask_Info: [1.534] Shooting autoshoot active - event=false,balls=3,ready=false
GlobalTracer.FrcAuto.runPeriodic_Info: [1.545] detected=true, x=2.5,y=-0.7, depth=137.2, area=1.7
GlobalTracer.AutoShooter.readyToShoot_Info: [1.553] Shooter readiness: vel=false,pitch=true,heading=true,time=true - headingErr=-0.2
GlobalTracer.AutoShooter.shooterTask_Info: [1.555] Shooting autoshoot active - event=false,balls=3,ready=false
GlobalTracer.AutoShooter.readyToShoot_Info: [1.565] Shooter readiness: vel=false,pitch=true,heading=true,time=true - headingErr=-0.2
GlobalTracer.AutoShooter.shooterTask_Info: [1.566] Shooting autoshoot active - event=false,balls=3,ready=false
GlobalTracer.FrcAuto.runPeriodic_Info: [1.569] detected=true, x=2.6,y=-0.6, depth=136.5, area=1.7
GlobalTracer.AutoShooter.readyToShoot_Info: [1.576] Shooter readiness: vel=false,pitch=true,heading=true,time=true - headingErr=-0.2
GlobalTracer.AutoShooter.shooterTask_Info: [1.580] Shooting autoshoot active - event=false,balls=3,ready=false
GlobalTracer.FrcAuto.runPeriodic_Info: [1.589] detected=true, x=2.5,y=-0.5, depth=136.1, area=1.7
GlobalTracer.AutoShooter.readyToShoot_Info: [1.592] Shooter readiness: vel=false,pitch=true,heading=true,time=true - headingErr=-0.2
GlobalTracer.AutoShooter.shooterTask_Info: [1.595] Shooting autoshoot active - event=false,balls=3,ready=false
GlobalTracer.FrcAuto.runPeriodic_Info: [1.604] detected=true, x=2.5,y=-0.7, depth=137.3, area=1.7
GlobalTracer.AutoShooter.readyToShoot_Info: [1.609] Shooter readiness: vel=false,pitch=true,heading=true,time=true - headingErr=-0.2
GlobalTracer.AutoShooter.shooterTask_Info: [1.610] Shooting autoshoot active - event=false,balls=3,ready=false
GlobalTracer.AutoShooter.readyToShoot_Info: [1.620] Shooter readiness: vel=false,pitch=true,heading=true,time=true - headingErr=-0.2
GlobalTracer.AutoShooter.shooterTask_Info: [1.627] Shooting autoshoot active - event=false,balls=3,ready=false
GlobalTracer.FrcAuto.runPeriodic_Info: [1.630] detected=true, x=2.5,y=-0.7, depth=137.3, area=1.7
GlobalTracer.AutoShooter.readyToShoot_Info: [1.639] Shooter readiness: vel=false,pitch=true,heading=true,time=true - headingErr=-0.2
GlobalTracer.AutoShooter.shooterTask_Info: [1.641] Shooting autoshoot active - event=false,balls=3,ready=false
GlobalTracer.FrcAuto.runPeriodic_Info: [1.645] detected=true, x=2.5,y=-0.7, depth=137.3, area=1.7
GlobalTracer.AutoShooter.readyToShoot_Info: [1.649] Shooter readiness: vel=false,pitch=true,heading=true,time=true - headingErr=-0.2
GlobalTracer.AutoShooter.shooterTask_Info: [1.658] Shooting autoshoot active - event=false,balls=3,ready=false
GlobalTracer.FrcAuto.runPeriodic_Info: [1.663] detected=true, x=2.9,y=-1.0, depth=138.7, area=1.6
GlobalTracer.AutoShooter.readyToShoot_Info: [1.670] Shooter readiness: vel=false,pitch=true,heading=true,time=true - headingErr=-0.2
GlobalTracer.AutoShooter.shooterTask_Info: [1.672] Shooting autoshoot active - event=false,balls=3,ready=false
GlobalTracer.FrcAuto.runPeriodic_Info: [1.683] detected=true, x=2.5,y=-0.6, depth=136.9, area=1.7
GlobalTracer.AutoShooter.readyToShoot_Info: [1.687] Shooter readiness: vel=false,pitch=true,heading=true,time=true - headingErr=-0.2
GlobalTracer.AutoShooter.shooterTask_Info: [1.689] Shooting autoshoot active - event=false,balls=3,ready=false
GlobalTracer.startCompetition_Warn: AUTO_MODE.postContinuousTasks took too long (0.071s)
GlobalTracer.FrcAuto.runPeriodic_Info: [1.760] detected=true, x=3.0,y=-0.8, depth=137.8, area=1.7
GlobalTracer.AutoShooter.readyToShoot_Info: [1.763] Shooter readiness: vel=false,pitch=true,heading=true,time=true - headingErr=-0.2
GlobalTracer.AutoShooter.shooterTask_Info: [1.765] Shooting autoshoot active - event=false,balls=3,ready=false
GlobalTracer.FrcAuto.runPeriodic_Info: [1.780] detected=true, x=3.0,y=-0.8, depth=137.8, area=1.7
GlobalTracer.AutoShooter.readyToShoot_Info: [1.792] Shooter readiness: vel=false,pitch=true,heading=true,time=true - headingErr=-0.2
GlobalTracer.AutoShooter.shooterTask_Info: [1.800] Shooting autoshoot active - event=false,balls=3,ready=false
GlobalTracer.FrcAuto.runPeriodic_Info: [1.811] detected=true, x=3.3,y=-0.9, depth=138.4, area=1.6
GlobalTracer.AutoShooter.readyToShoot_Info: [1.827] Shooter readiness: vel=false,pitch=true,heading=true,time=true - headingErr=-0.2
GlobalTracer.AutoShooter.shooterTask_Info: [1.830] Shooting autoshoot active - event=false,balls=3,ready=false
GlobalTracer.FrcAuto.runPeriodic_Info: [1.844] detected=true, x=3.7,y=-1.0, depth=138.7, area=1.6
GlobalTracer.AutoShooter.readyToShoot_Info: [1.853] Shooter readiness: vel=false,pitch=true,heading=true,time=true - headingErr=-0.2
GlobalTracer.AutoShooter.shooterTask_Info: [1.859] Shooting autoshoot active - event=false,balls=3,ready=false
GlobalTracer.FrcAuto.runPeriodic_Info: [1.866] detected=true, x=3.6,y=-0.7, depth=137.2, area=1.7
GlobalTracer.AutoShooter.readyToShoot_Info: [1.875] Shooter readiness: vel=false,pitch=true,heading=true,time=true - headingErr=-0.2
GlobalTracer.AutoShooter.shooterTask_Info: [1.886] Shooting autoshoot active - event=false,balls=3,ready=false
GlobalTracer.FrcAuto.runPeriodic_Info: [1.892] detected=true, x=3.8,y=-0.9, depth=138.1, area=1.7
GlobalTracer.AutoShooter.readyToShoot_Info: [1.907] Shooter readiness: vel=true,pitch=true,heading=true,time=true - headingErr=-0.2
GlobalTracer.AutoShooter.shooterTask_Info: [1.909] Shooting autoshoot active - event=false,balls=3,ready=true
GlobalTracer.Conveyor.shootTriggerEvent_Info: Triggered! value=true
GlobalTracer.FrcAuto.runPeriodic_Info: [1.928] detected=true, x=3.8,y=-0.8, depth=138.0, area=1.6
GlobalTracer.AutoShooter.readyToShoot_Info: [1.934] Shooter readiness: vel=true,pitch=true,heading=true,time=true - headingErr=-0.2
GlobalTracer.AutoShooter.shooterTask_Info: [1.944] Shooting autoshoot active - event=false,balls=3,ready=true
GlobalTracer.FrcAuto.runPeriodic_Info: [1.950] detected=true, x=3.8,y=-0.6, depth=136.9, area=1.6
GlobalTracer.AutoShooter.readyToShoot_Info: [1.965] Shooter readiness: vel=true,pitch=true,heading=true,time=true - headingErr=-0.2
GlobalTracer.AutoShooter.shooterTask_Info: [1.968] Shooting autoshoot active - event=false,balls=3,ready=true
GlobalTracer.FrcAuto.runPeriodic_Info: [1.975] detected=true, x=3.8,y=-0.6, depth=136.4, area=1.6
GlobalTracer.AutoShooter.readyToShoot_Info: [1.991] Shooter readiness: vel=true,pitch=true,heading=true,time=true - headingErr=-0.2
GlobalTracer.AutoShooter.shooterTask_Info: [1.993] Shooting autoshoot active - event=false,balls=3,ready=true
GlobalTracer.FrcAuto.runPeriodic_Info: [2.016] detected=true, x=3.8,y=-0.9, depth=138.1, area=1.7
GlobalTracer.AutoShooter.readyToShoot_Info: [2.026] Shooter readiness: vel=true,pitch=true,heading=true,time=true - headingErr=-0.2
GlobalTracer.AutoShooter.shooterTask_Info: [2.051] Shooting autoshoot active - event=false,balls=3,ready=true
GlobalTracer.FrcAuto.runPeriodic_Info: [2.064] detected=true, x=3.8,y=-0.8, depth=137.9, area=1.6
GlobalTracer.AutoShooter.readyToShoot_Info: [2.071] Shooter readiness: vel=true,pitch=true,heading=true,time=true - headingErr=-0.2
GlobalTracer.AutoShooter.shooterTask_Info: [2.075] Shooting autoshoot active - event=false,balls=3,ready=true
GlobalTracer.FrcAuto.runPeriodic_Info: [2.095] detected=true, x=3.8,y=-0.6, depth=136.9, area=1.6
GlobalTracer.AutoShooter.readyToShoot_Info: [2.109] Shooter readiness: vel=true,pitch=true,heading=true,time=true - headingErr=-0.2
GlobalTracer.AutoShooter.shooterTask_Info: [2.113] Shooting autoshoot active - event=false,balls=3,ready=true
GlobalTracer.Conveyor.shootTriggerEvent_Info: Triggered! value=false
GlobalTracer.FrcAuto.runPeriodic_Info: [2.142] detected=true, x=3.7,y=-0.9, depth=138.3, area=1.6
GlobalTracer.AutoShooter.readyToShoot_Info: [2.154] Shooter readiness: vel=true,pitch=true,heading=true,time=true - headingErr=-0.2
GlobalTracer.AutoShooter.shooterTask_Info: [2.159] Shooting autoshoot active - event=true,balls=3,ready=true
GlobalTracer.Conveyor.shootTriggerEvent_Info: Triggered! value=false
GlobalTracer.FrcAuto.runPeriodic_Info: [2.178] detected=true, x=3.8,y=-0.9, depth=138.1, area=1.7
GlobalTracer.AutoShooter.readyToShoot_Info: [2.193] Shooter readiness: vel=true,pitch=true,heading=true,time=false - headingErr=-0.2
GlobalTracer.AutoShooter.shooterTask_Info: [2.200] Shooting autoshoot active - event=false,balls=2,ready=false
GlobalTracer.FrcAuto.runPeriodic_Info: [2.213] detected=true, x=3.8,y=-0.6, depth=136.9, area=1.6
GlobalTracer.AutoShooter.readyToShoot_Info: [2.223] Shooter readiness: vel=true,pitch=true,heading=true,time=false - headingErr=-0.2
GlobalTracer.AutoShooter.shooterTask_Info: [2.232] Shooting autoshoot active - event=false,balls=2,ready=false
GlobalTracer.Conveyor.shootTriggerEvent_Info: Triggered! value=true
GlobalTracer.FrcAuto.runPeriodic_Info: [2.246] detected=true, x=3.8,y=-0.9, depth=138.1, area=1.7
GlobalTracer.AutoShooter.readyToShoot_Info: [2.260] Shooter readiness: vel=true,pitch=true,heading=true,time=false - headingErr=-0.2
GlobalTracer.AutoShooter.shooterTask_Info: [2.262] Shooting autoshoot active - event=false,balls=2,ready=false
GlobalTracer.FrcAuto.runPeriodic_Info: [2.269] detected=true, x=3.8,y=-0.9, depth=138.1, area=1.7
GlobalTracer.AutoShooter.readyToShoot_Info: [2.275] Shooter readiness: vel=true,pitch=true,heading=true,time=false - headingErr=-0.2
GlobalTracer.AutoShooter.shooterTask_Info: [2.279] Shooting autoshoot active - event=false,balls=2,ready=false
GlobalTracer.FrcAuto.runPeriodic_Info: [2.287] detected=true, x=3.8,y=-0.9, depth=138.1, area=1.7
GlobalTracer.AutoShooter.readyToShoot_Info: [2.302] Shooter readiness: vel=true,pitch=true,heading=true,time=false - headingErr=-0.2
GlobalTracer.AutoShooter.shooterTask_Info: [2.307] Shooting autoshoot active - event=false,balls=2,ready=false
GlobalTracer.FrcAuto.runPeriodic_Info: [2.323] detected=true, x=3.8,y=-0.9, depth=138.1, area=1.7
GlobalTracer.AutoShooter.readyToShoot_Info: [2.331] Shooter readiness: vel=true,pitch=true,heading=true,time=false - headingErr=-0.2
GlobalTracer.AutoShooter.shooterTask_Info: [2.337] Shooting autoshoot active - event=false,balls=2,ready=false
GlobalTracer.FrcAuto.runPeriodic_Info: [2.344] detected=true, x=3.8,y=-0.8, depth=137.9, area=1.6
GlobalTracer.AutoShooter.readyToShoot_Info: [2.352] Shooter readiness: vel=true,pitch=true,heading=true,time=false - headingErr=-0.2
GlobalTracer.AutoShooter.shooterTask_Info: [2.353] Shooting autoshoot active - event=false,balls=2,ready=false
GlobalTracer.Conveyor.shootTriggerEvent_Info: Triggered! value=false
GlobalTracer.FrcAuto.runPeriodic_Info: [2.365] detected=true, x=3.8,y=-0.8, depth=138.0, area=1.6
GlobalTracer.AutoShooter.readyToShoot_Info: [2.378] Shooter readiness: vel=true,pitch=true,heading=true,time=true - headingErr=-0.2
GlobalTracer.AutoShooter.shooterTask_Info: [2.382] Shooting autoshoot active - event=true,balls=2,ready=true
GlobalTracer.Conveyor.shootTriggerEvent_Info: Triggered! value=false
GlobalTracer.FrcAuto.runPeriodic_Info: [2.393] detected=true, x=3.8,y=-0.9, depth=138.1, area=1.7
GlobalTracer.AutoShooter.readyToShoot_Info: [2.404] Shooter readiness: vel=true,pitch=true,heading=true,time=false - headingErr=-0.2
GlobalTracer.AutoShooter.shooterTask_Info: [2.421] Shooting autoshoot active - event=false,balls=1,ready=false
GlobalTracer.FrcAuto.runPeriodic_Info: [2.427] detected=true, x=3.7,y=-0.9, depth=138.3, area=1.6
GlobalTracer.AutoShooter.readyToShoot_Info: [2.434] Shooter readiness: vel=true,pitch=true,heading=true,time=false - headingErr=-0.2
GlobalTracer.AutoShooter.shooterTask_Info: [2.443] Shooting autoshoot active - event=false,balls=1,ready=false
GlobalTracer.FrcAuto.runPeriodic_Info: [2.448] detected=true, x=3.8,y=-0.9, depth=138.1, area=1.7
GlobalTracer.AutoShooter.readyToShoot_Info: [2.462] Shooter readiness: vel=true,pitch=true,heading=true,time=false - headingErr=-0.2
GlobalTracer.AutoShooter.shooterTask_Info: [2.464] Shooting autoshoot active - event=false,balls=1,ready=false
GlobalTracer.FrcAuto.runPeriodic_Info: [2.471] detected=true, x=3.8,y=-0.6, depth=136.9, area=1.6
GlobalTracer.AutoShooter.readyToShoot_Info: [2.482] Shooter readiness: vel=true,pitch=true,heading=true,time=false - headingErr=-0.2
GlobalTracer.AutoShooter.shooterTask_Info: [2.486] Shooting autoshoot active - event=false,balls=1,ready=false
GlobalTracer.FrcAuto.runPeriodic_Info: [2.492] detected=true, x=3.8,y=-0.6, depth=136.9, area=1.6
GlobalTracer.AutoShooter.readyToShoot_Info: [2.523] Shooter readiness: vel=true,pitch=true,heading=true,time=false - headingErr=-0.2
GlobalTracer.AutoShooter.shooterTask_Info: [2.525] Shooting autoshoot active - event=false,balls=1,ready=false
GlobalTracer.Conveyor.shootTriggerEvent_Info: Triggered! value=true
GlobalTracer.FrcAuto.runPeriodic_Info: [2.542] detected=true, x=3.8,y=-0.9, depth=138.1, area=1.7
GlobalTracer.AutoShooter.readyToShoot_Info: [2.548] Shooter readiness: vel=true,pitch=true,heading=true,time=false - headingErr=-0.2
GlobalTracer.AutoShooter.shooterTask_Info: [2.566] Shooting autoshoot active - event=false,balls=1,ready=false
GlobalTracer.FrcAuto.runPeriodic_Info: [2.576] detected=true, x=3.8,y=-0.9, depth=138.1, area=1.7
GlobalTracer.AutoShooter.readyToShoot_Info: [2.591] Shooter readiness: vel=true,pitch=true,heading=true,time=true - headingErr=-0.2
GlobalTracer.AutoShooter.shooterTask_Info: [2.598] Shooting autoshoot active - event=false,balls=1,ready=true
GlobalTracer.FrcAuto.runPeriodic_Info: [2.608] detected=true, x=3.8,y=-0.8, depth=137.9, area=1.6
GlobalTracer.AutoShooter.readyToShoot_Info: [2.623] Shooter readiness: vel=false,pitch=true,heading=true,time=true - headingErr=-0.2
GlobalTracer.AutoShooter.shooterTask_Info: [2.626] Shooting autoshoot active - event=false,balls=1,ready=false
GlobalTracer.FrcAuto.runPeriodic_Info: [2.635] detected=true, x=3.8,y=-0.9, depth=138.1, area=1.7
GlobalTracer.AutoShooter.readyToShoot_Info: [2.650] Shooter readiness: vel=false,pitch=true,heading=true,time=true - headingErr=-0.2
GlobalTracer.AutoShooter.shooterTask_Info: [2.653] Shooting autoshoot active - event=false,balls=1,ready=false
GlobalTracer.Conveyor.shootTriggerEvent_Info: Triggered! value=false
GlobalTracer.FrcAuto.runPeriodic_Info: [2.671] detected=true, x=3.8,y=-0.9, depth=138.1, area=1.7
GlobalTracer.AutoShooter.readyToShoot_Info: [2.680] Shooter readiness: vel=false,pitch=true,heading=true,time=true - headingErr=-0.2
GlobalTracer.AutoShooter.shooterTask_Info: [2.683] Shooting autoshoot active - event=true,balls=1,ready=false
GlobalTracer.CmdShooterAuto.cmdPeriodic_Info: [2.694] CurrState=MOVE_OFF_LINE
GlobalTracer.robot_auto_Info: <Event name="RobotPose" time="2.726" pose="(x=223.6,y=-18.6,angle=-1.5)" />
GlobalTracer.FrcAuto.runPeriodic_Info: [2.729] detected=true, x=3.8,y=-0.9, depth=138.1, area=1.7
GlobalTracer.robot_auto_Info: <Event name="RobotPose" time="2.739" pose="(x=223.6,y=-18.6,angle=-1.5)" />
GlobalTracer.FrcAuto.runPeriodic_Info: [2.743] detected=true, x=3.8,y=-0.6, depth=136.9, area=1.6
GlobalTracer.robot_auto_Info: <Event name="RobotPose" time="2.751" pose="(x=223.6,y=-18.6,angle=-1.5)" />
GlobalTracer.FrcAuto.runPeriodic_Info: [2.756] detected=true, x=3.8,y=-0.6, depth=136.9, area=1.6
GlobalTracer.robot_auto_Info: <Event name="RobotPose" time="2.766" pose="(x=223.6,y=-18.6,angle=-1.5)" />
GlobalTracer.FrcAuto.runPeriodic_Info: [2.771] detected=true, x=3.8,y=-0.9, depth=138.1, area=1.7
GlobalTracer.robot_auto_Info: <Event name="RobotPose" time="2.779" pose="(x=223.6,y=-18.6,angle=-1.5)" />
GlobalTracer.FrcAuto.runPeriodic_Info: [2.787] detected=true, x=3.8,y=-0.8, depth=137.8, area=1.7
GlobalTracer.robot_auto_Info: <Event name="RobotPose" time="2.798" pose="(x=223.6,y=-18.6,angle=-1.5)" />
GlobalTracer.robot_auto_Info: <Event name="RobotPose" time="2.808" pose="(x=223.6,y=-18.6,angle=-1.5)" />
GlobalTracer.FrcAuto.runPeriodic_Info: [2.812] detected=true, x=3.8,y=-0.9, depth=138.1, area=1.7
GlobalTracer.robot_auto_Info: <Event name="RobotPose" time="2.821" pose="(x=223.6,y=-18.6,angle=-1.5)" />
GlobalTracer.FrcAuto.runPeriodic_Info: [2.826] detected=true, x=3.8,y=-0.9, depth=138.1, area=1.7
GlobalTracer.robot_auto_Info: <Event name="RobotPose" time="2.833" pose="(x=223.6,y=-18.7,angle=-1.5)" />
GlobalTracer.robot_auto_Info: <Event name="RobotPose" time="2.842" pose="(x=223.6,y=-18.7,angle=-1.5)" />
GlobalTracer.FrcAuto.runPeriodic_Info: [2.847] detected=true, x=3.7,y=-0.7, depth=137.0, area=1.7
GlobalTracer.robot_auto_Info: <Event name="RobotPose" time="2.855" pose="(x=223.6,y=-18.7,angle=-1.5)" />
GlobalTracer.robot_auto_Info: <Event name="RobotPose" time="2.862" pose="(x=223.6,y=-18.7,angle=-1.5)" />
GlobalTracer.FrcAuto.runPeriodic_Info: [2.866] detected=true, x=3.7,y=-0.7, depth=137.0, area=1.7
GlobalTracer.robot_auto_Info: <Event name="RobotPose" time="2.875" pose="(x=223.6,y=-18.8,angle=-1.5)" />
GlobalTracer.robot_auto_Info: <Event name="RobotPose" time="2.880" pose="(x=223.6,y=-18.8,angle=-1.5)" />
GlobalTracer.FrcAuto.runPeriodic_Info: [2.883] detected=true, x=3.7,y=-0.6, depth=136.8, area=1.6
GlobalTracer.robot_auto_Info: <Event name="RobotPose" time="2.889" pose="(x=223.6,y=-18.8,angle=-1.5)" />
GlobalTracer.robot_auto_Info: <Event name="RobotPose" time="2.895" pose="(x=223.6,y=-18.8,angle=-1.6)" />
GlobalTracer.robot_auto_Info: <Event name="RobotPose" time="2.902" pose="(x=223.6,y=-18.8,angle=-1.6)" />
GlobalTracer.FrcAuto.runPeriodic_Info: [2.904] detected=true, x=3.7,y=-0.6, depth=136.8, area=1.6
GlobalTracer.robot_auto_Info: <Event name="RobotPose" time="2.909" pose="(x=223.6,y=-18.8,angle=-1.6)" />
GlobalTracer.robot_auto_Info: <Event name="RobotPose" time="2.913" pose="(x=223.6,y=-18.9,angle=-1.6)" />
GlobalTracer.robot_auto_Info: <Event name="RobotPose" time="2.918" pose="(x=223.6,y=-18.9,angle=-1.6)" />
GlobalTracer.robot_auto_Info: <Event name="RobotPose" time="2.924" pose="(x=223.6,y=-18.9,angle=-1.6)" />
GlobalTracer.FrcAuto.runPeriodic_Info: [2.926] detected=true, x=3.8,y=-0.6, depth=136.5, area=1.7
GlobalTracer.robot_auto_Info: <Event name="RobotPose" time="2.931" pose="(x=223.6,y=-19.0,angle=-1.6)" />
GlobalTracer.robot_auto_Info: <Event name="RobotPose" time="2.940" pose="(x=223.6,y=-19.0,angle=-1.6)" />
GlobalTracer.FrcAuto.runPeriodic_Info: [2.941] detected=true, x=3.7,y=-0.5, depth=135.9, area=1.6
GlobalTracer.robot_auto_Info: <Event name="RobotPose" time="2.943" pose="(x=223.6,y=-19.0,angle=-1.6)" />
GlobalTracer.robot_auto_Info: <Event name="RobotPose" time="2.947" pose="(x=223.6,y=-19.0,angle=-1.6)" />
GlobalTracer.robot_auto_Info: <Event name="RobotPose" time="2.953" pose="(x=223.6,y=-19.2,angle=-1.6)" />
GlobalTracer.robot_auto_Info: <Event name="RobotPose" time="2.959" pose="(x=223.6,y=-19.2,angle=-1.6)" />
GlobalTracer.robot_auto_Info: <Event name="RobotPose" time="2.963" pose="(x=223.6,y=-19.2,angle=-1.6)" />
GlobalTracer.FrcAuto.runPeriodic_Info: [2.966] detected=true, x=3.8,y=-0.4, depth=135.6, area=1.7
GlobalTracer.robot_auto_Info: <Event name="RobotPose" time="2.970" pose="(x=223.6,y=-19.2,angle=-1.6)" />
GlobalTracer.robot_auto_Info: <Event name="RobotPose" time="2.975" pose="(x=223.6,y=-19.4,angle=-1.7)" />
GlobalTracer.robot_auto_Info: <Event name="RobotPose" time="2.982" pose="(x=223.6,y=-19.4,angle=-1.7)" />
GlobalTracer.FrcAuto.runPeriodic_Info: [2.985] detected=true, x=3.8,y=-0.4, depth=135.6, area=1.6
GlobalTracer.robot_auto_Info: <Event name="RobotPose" time="2.989" pose="(x=223.6,y=-19.4,angle=-1.7)" />
GlobalTracer.robot_auto_Info: <Event name="RobotPose" time="2.994" pose="(x=223.6,y=-19.5,angle=-1.7)" />
GlobalTracer.robot_auto_Info: <Event name="RobotPose" time="2.999" pose="(x=223.6,y=-19.5,angle=-1.7)" />
GlobalTracer.FrcAuto.runPeriodic_Info: [3.000] detected=true, x=3.8,y=-0.4, depth=135.6, area=1.6
GlobalTracer.robot_auto_Info: <Event name="RobotPose" time="3.009" pose="(x=223.6,y=-19.5,angle=-1.7)" />
GlobalTracer.robot_auto_Info: <Event name="RobotPose" time="3.012" pose="(x=223.6,y=-19.5,angle=-1.7)" />
GlobalTracer.robot_auto_Info: <Event name="RobotPose" time="3.018" pose="(x=223.6,y=-20.0,angle=-1.8)" />
GlobalTracer.robot_auto_Info: <Event name="RobotPose" time="3.024" pose="(x=223.6,y=-20.0,angle=-1.8)" />
GlobalTracer.FrcAuto.runPeriodic_Info: [3.027] detected=true, x=3.8,y=-0.3, depth=135.1, area=1.7
GlobalTracer.robot_auto_Info: <Event name="RobotPose" time="3.038" pose="(x=223.6,y=-20.3,angle=-1.9)" />
GlobalTracer.robot_auto_Info: <Event name="RobotPose" time="3.045" pose="(x=223.6,y=-20.3,angle=-1.9)" />
GlobalTracer.robot_auto_Info: <Event name="RobotPose" time="3.056" pose="(x=223.6,y=-20.7,angle=-1.9)" />
GlobalTracer.FrcAuto.runPeriodic_Info: [3.062] detected=true, x=3.9,y=-0.4, depth=135.8, area=1.7
GlobalTracer.robot_auto_Info: <Event name="RobotPose" time="3.092" pose="(x=223.6,y=-21.1,angle=-2.0)" />
GlobalTracer.FrcAuto.runPeriodic_Info: [3.103] detected=true, x=4.1,y=-1.0, depth=138.9, area=1.6
GlobalTracer.robot_auto_Info: <Event name="RobotPose" time="3.120" pose="(x=223.6,y=-21.9,angle=-2.1)" />
GlobalTracer.FrcAuto.runPeriodic_Info: [3.144] detected=true, x=4.1,y=-1.3, depth=140.5, area=1.6
GlobalTracer.robot_auto_Info: <Event name="RobotPose" time="3.149" pose="(x=223.6,y=-21.9,angle=-2.1)" />
GlobalTracer.FrcAuto.runPeriodic_Info: [3.152] detected=true, x=4.1,y=-1.4, depth=141.1, area=1.7
GlobalTracer.robot_auto_Info: <Event name="RobotPose" time="3.170" pose="(x=223.6,y=-22.6,angle=-2.2)" />
GlobalTracer.FrcAuto.runPeriodic_Info: [3.176] detected=true, x=4.1,y=-1.4, depth=141.1, area=1.7
GlobalTracer.robot_auto_Info: <Event name="RobotPose" time="3.202" pose="(x=223.6,y=-23.6,angle=-2.2)" />
GlobalTracer.FrcAuto.runPeriodic_Info: [3.212] detected=true, x=4.3,y=-1.9, depth=144.1, area=1.5
GlobalTracer.robot_auto_Info: <Event name="RobotPose" time="3.243" pose="(x=223.7,y=-24.2,angle=-2.2)" />
GlobalTracer.FrcAuto.runPeriodic_Info: [3.260] detected=true, x=4.3,y=-2.2, depth=145.9, area=1.5
GlobalTracer.robot_auto_Info: <Event name="RobotPose" time="3.280" pose="(x=223.7,y=-25.2,angle=-2.1)" />
GlobalTracer.FrcAuto.runPeriodic_Info: [3.291] detected=true, x=4.1,y=-2.2, depth=146.3, area=1.6
GlobalTracer.robot_auto_Info: <Event name="RobotPose" time="3.302" pose="(x=223.7,y=-25.6,angle=-2.0)" />
GlobalTracer.FrcAuto.runPeriodic_Info: [3.312] detected=true, x=4.0,y=-2.2, depth=145.8, area=1.6
GlobalTracer.robot_auto_Info: <Event name="RobotPose" time="3.325" pose="(x=223.7,y=-26.1,angle=-2.0)" />
GlobalTracer.FrcAuto.runPeriodic_Info: [3.335] detected=true, x=4.0,y=-2.5, depth=148.2, area=1.5
GlobalTracer.robot_auto_Info: <Event name="RobotPose" time="3.342" pose="(x=223.7,y=-26.6,angle=-1.9)" />
GlobalTracer.FrcAuto.runPeriodic_Info: [3.345] detected=true, x=4.0,y=-2.5, depth=148.2, area=1.5
GlobalTracer.robot_auto_Info: <Event name="RobotPose" time="3.353" pose="(x=223.7,y=-27.4,angle=-1.8)" />
GlobalTracer.robot_auto_Info: <Event name="RobotPose" time="3.364" pose="(x=223.7,y=-27.4,angle=-1.8)" />
GlobalTracer.FrcAuto.runPeriodic_Info: [3.377] detected=true, x=3.8,y=-2.7, depth=149.1, area=1.6
GlobalTracer.robot_auto_Info: <Event name="RobotPose" time="3.388" pose="(x=223.7,y=-27.4,angle=-1.7)" />
GlobalTracer.robot_auto_Info: <Event name="RobotPose" time="3.406" pose="(x=223.7,y=-28.3,angle=-1.7)" />
GlobalTracer.FrcAuto.runPeriodic_Info: [3.410] detected=true, x=3.8,y=-2.9, depth=150.5, area=1.5
GlobalTracer.robot_auto_Info: <Event name="RobotPose" time="3.426" pose="(x=223.7,y=-28.6,angle=-1.6)" />
GlobalTracer.FrcAuto.runPeriodic_Info: [3.429] detected=true, x=3.8,y=-2.9, depth=150.7, area=1.5
GlobalTracer.robot_auto_Info: <Event name="RobotPose" time="3.445" pose="(x=223.7,y=-29.0,angle=-1.6)" />
GlobalTracer.FrcAuto.runPeriodic_Info: [3.451] detected=true, x=3.8,y=-3.0, depth=151.4, area=1.6
GlobalTracer.robot_auto_Info: <Event name="RobotPose" time="3.464" pose="(x=223.7,y=-29.4,angle=-1.6)" />
GlobalTracer.FrcAuto.runPeriodic_Info: [3.469] detected=true, x=3.8,y=-3.1, depth=151.5, area=1.6
GlobalTracer.robot_auto_Info: <Event name="RobotPose" time="3.485" pose="(x=223.7,y=-29.7,angle=-1.7)" />
GlobalTracer.FrcAuto.runPeriodic_Info: [3.489] detected=true, x=3.8,y=-3.0, depth=151.4, area=1.6
GlobalTracer.robot_auto_Info: <Event name="RobotPose" time="3.504" pose="(x=223.7,y=-30.1,angle=-1.7)" />
GlobalTracer.FrcAuto.runPeriodic_Info: [3.508] detected=true, x=3.8,y=-3.0, depth=151.4, area=1.6
GlobalTracer.robot_auto_Info: <Event name="RobotPose" time="3.522" pose="(x=223.7,y=-30.4,angle=-1.8)" />
GlobalTracer.robot_auto_Info: <Event name="RobotPose" time="3.527" pose="(x=223.7,y=-30.4,angle=-1.8)" />
GlobalTracer.FrcAuto.runPeriodic_Info: [3.531] detected=true, x=3.8,y=-3.1, depth=152.0, area=1.5
GlobalTracer.robot_auto_Info: <Event name="RobotPose" time="3.552" pose="(x=223.7,y=-30.6,angle=-1.8)" />
GlobalTracer.FrcAuto.runPeriodic_Info: [3.554] detected=true, x=2.7,y=-4.3, depth=159.9, area=1.0
GlobalTracer.robot_auto_Info: <Event name="RobotPose" time="3.561" pose="(x=223.7,y=-30.6,angle=-1.8)" />
GlobalTracer.FrcAuto.runPeriodic_Info: [3.565] detected=true, x=2.7,y=-4.3, depth=159.9, area=1.0
GlobalTracer.robot_auto_Info: <Event name="RobotPose" time="3.569" pose="(x=223.7,y=-30.9,angle=-1.8)" />
GlobalTracer.robot_auto_Info: <Event name="RobotPose" time="3.572" pose="(x=223.7,y=-30.9,angle=-1.8)" />
GlobalTracer.robot_auto_Info: <Event name="RobotPose" time="3.575" pose="(x=223.7,y=-30.9,angle=-1.8)" />
GlobalTracer.robot_auto_Info: <Event name="RobotPose" time="3.584" pose="(x=223.7,y=-31.2,angle=-1.9)" />
GlobalTracer.FrcAuto.runPeriodic_Info: [3.587] detected=true, x=2.2,y=-4.8, depth=163.6, area=0.7
GlobalTracer.robot_auto_Info: <Event name="RobotPose" time="3.590" pose="(x=223.7,y=-31.2,angle=-1.9)" />
GlobalTracer.robot_auto_Info: <Event name="RobotPose" time="3.593" pose="(x=223.7,y=-31.2,angle=-1.9)" />
GlobalTracer.robot_auto_Info: <Event name="RobotPose" time="3.604" pose="(x=223.7,y=-31.5,angle=-1.9)" />
GlobalTracer.robot_auto_Info: <Event name="RobotPose" time="3.608" pose="(x=223.7,y=-31.5,angle=-1.9)" />
GlobalTracer.FrcAuto.runPeriodic_Info: [3.610] detected=true, x=2.5,y=-4.4, depth=160.7, area=0.9
GlobalTracer.robot_auto_Info: <Event name="RobotPose" time="3.613" pose="(x=223.7,y=-31.5,angle=-1.9)" />
GlobalTracer.robot_auto_Info: <Event name="RobotPose" time="3.622" pose="(x=223.7,y=-31.5,angle=-1.9)" />
GlobalTracer.FrcAuto.runPeriodic_Info: [3.625] detected=true, x=4.1,y=-3.6, depth=154.8, area=1.5
GlobalTracer.robot_auto_Info: <Event name="RobotPose" time="3.629" pose="(x=223.7,y=-31.7,angle=-1.9)" />
GlobalTracer.robot_auto_Info: <Event name="RobotPose" time="3.632" pose="(x=223.7,y=-31.7,angle=-1.9)" />
GlobalTracer.robot_auto_Info: <Event name="RobotPose" time="3.638" pose="(x=223.7,y=-31.7,angle=-1.9)" />
GlobalTracer.robot_auto_Info: <Event name="RobotPose" time="3.644" pose="(x=223.7,y=-31.7,angle=-1.9)" />
GlobalTracer.FrcAuto.runPeriodic_Info: [3.648] detected=true, x=4.2,y=-3.6, depth=155.4, area=1.5
GlobalTracer.robot_auto_Info: <Event name="RobotPose" time="3.651" pose="(x=223.7,y=-31.9,angle=-1.8)" />
GlobalTracer.robot_auto_Info: <Event name="RobotPose" time="3.655" pose="(x=223.7,y=-31.9,angle=-1.8)" />
GlobalTracer.robot_auto_Info: <Event name="RobotPose" time="3.660" pose="(x=223.7,y=-31.9,angle=-1.8)" />
GlobalTracer.FrcAuto.runPeriodic_Info: [3.665] detected=true, x=4.2,y=-3.6, depth=155.4, area=1.5
GlobalTracer.robot_auto_Info: <Event name="RobotPose" time="3.670" pose="(x=223.7,y=-32.1,angle=-1.8)" />
GlobalTracer.robot_auto_Info: <Event name="RobotPose" time="3.673" pose="(x=223.7,y=-32.1,angle=-1.8)" />
GlobalTracer.robot_auto_Info: <Event name="RobotPose" time="3.676" pose="(x=223.7,y=-32.1,angle=-1.8)" />
GlobalTracer.robot_auto_Info: <Event name="RobotPose" time="3.685" pose="(x=223.7,y=-32.1,angle=-1.8)" />
GlobalTracer.FrcAuto.runPeriodic_Info: [3.690] detected=true, x=4.1,y=-3.7, depth=155.9, area=1.4
GlobalTracer.robot_auto_Info: <Event name="RobotPose" time="3.696" pose="(x=223.7,y=-32.4,angle=-1.7)" />
GlobalTracer.robot_auto_Info: <Event name="RobotPose" time="3.713" pose="(x=223.7,y=-32.5,angle=-1.7)" />
GlobalTracer.FrcAuto.runPeriodic_Info: [3.721] detected=true, x=3.7,y=-3.5, depth=154.4, area=1.6
GlobalTracer.robot_auto_Info: <Event name="RobotPose" time="3.730" pose="(x=223.7,y=-32.7,angle=-1.6)" />
GlobalTracer.FrcAuto.runPeriodic_Info: [3.734] detected=true, x=3.7,y=-3.6, depth=154.9, area=1.5
GlobalTracer.robot_auto_Info: <Event name="RobotPose" time="3.742" pose="(x=223.7,y=-32.7,angle=-1.6)" />
GlobalTracer.FrcAuto.runPeriodic_Info: [3.759] detected=true, x=3.6,y=-3.6, depth=155.1, area=1.5
GlobalTracer.robot_auto_Info: <Event name="RobotPose" time="3.770" pose="(x=223.7,y=-33.0,angle=-1.5)" />
GlobalTracer.FrcAuto.runPeriodic_Info: [3.776] detected=true, x=3.6,y=-3.7, depth=155.6, area=1.5
GlobalTracer.robot_auto_Info: <Event name="RobotPose" time="3.782" pose="(x=223.7,y=-33.0,angle=-1.5)" />
GlobalTracer.robot_auto_Info: <Event name="RobotPose" time="3.800" pose="(x=223.7,y=-33.2,angle=-1.5)" />
GlobalTracer.FrcAuto.runPeriodic_Info: [3.803] detected=true, x=3.6,y=-3.8, depth=156.3, area=1.4
GlobalTracer.robot_auto_Info: <Event name="RobotPose" time="3.813" pose="(x=223.7,y=-33.3,angle=-1.4)" />
GlobalTracer.FrcAuto.runPeriodic_Info: [3.819] detected=true, x=3.6,y=-3.8, depth=156.4, area=1.5
GlobalTracer.robot_auto_Info: <Event name="RobotPose" time="3.825" pose="(x=223.7,y=-33.3,angle=-1.4)" />
GlobalTracer.FrcAuto.runPeriodic_Info: [3.831] detected=true, x=3.6,y=-3.8, depth=156.4, area=1.5
GlobalTracer.robot_auto_Info: <Event name="RobotPose" time="3.841" pose="(x=223.7,y=-33.4,angle=-1.4)" />
GlobalTracer.FrcAuto.runPeriodic_Info: [3.844] detected=true, x=3.6,y=-3.8, depth=156.4, area=1.5
GlobalTracer.robot_auto_Info: <Event name="RobotPose" time="3.854" pose="(x=223.7,y=-33.5,angle=-1.5)" />
GlobalTracer.robot_auto_Info: <Event name="RobotPose" time="3.862" pose="(x=223.7,y=-33.5,angle=-1.5)" />
GlobalTracer.FrcAuto.runPeriodic_Info: [3.870] detected=true, x=3.8,y=-3.9, depth=157.1, area=1.4
GlobalTracer.robot_auto_Info: <Event name="RobotPose" time="3.882" pose="(x=223.7,y=-33.6,angle=-1.5)" />
GlobalTracer.FrcAuto.runPeriodic_Info: [3.885] detected=true, x=3.8,y=-3.9, depth=157.1, area=1.4
GlobalTracer.robot_auto_Info: <Event name="RobotPose" time="3.895" pose="(x=223.7,y=-33.8,angle=-1.5)" />
GlobalTracer.robot_auto_Info: <Event name="RobotPose" time="3.903" pose="(x=223.7,y=-33.8,angle=-1.5)" />
GlobalTracer.FrcAuto.runPeriodic_Info: [3.907] detected=true, x=3.8,y=-3.9, depth=157.1, area=1.4
GlobalTracer.robot_auto_Info: <Event name="RobotPose" time="3.921" pose="(x=223.7,y=-33.9,angle=-1.6)" />
GlobalTracer.FrcAuto.runPeriodic_Info: [3.925] detected=true, x=3.8,y=-3.7, depth=156.0, area=1.5
GlobalTracer.robot_auto_Info: <Event name="RobotPose" time="3.940" pose="(x=223.7,y=-33.9,angle=-1.6)" />
GlobalTracer.FrcAuto.runPeriodic_Info: [3.961] detected=true, x=3.8,y=-3.7, depth=156.0, area=1.4
GlobalTracer.robot_auto_Info: <Event name="RobotPose" time="3.968" pose="(x=223.7,y=-34.0,angle=-1.7)" />
GlobalTracer.FrcAuto.runPeriodic_Info: [3.977] detected=true, x=4.1,y=-3.9, depth=157.4, area=1.4
GlobalTracer.robot_auto_Info: <Event name="RobotPose" time="3.988" pose="(x=223.7,y=-34.1,angle=-1.7)" />
GlobalTracer.FrcAuto.runPeriodic_Info: [4.003] detected=true, x=3.8,y=-3.7, depth=156.0, area=1.5
GlobalTracer.robot_auto_Info: <Event name="RobotPose" time="4.021" pose="(x=223.7,y=-34.2,angle=-1.6)" />
GlobalTracer.FrcAuto.runPeriodic_Info: [4.024] detected=true, x=3.8,y=-3.7, depth=156.0, area=1.5
GlobalTracer.robot_auto_Info: <Event name="RobotPose" time="4.031" pose="(x=223.7,y=-34.2,angle=-1.6)" />
GlobalTracer.FrcAuto.runPeriodic_Info: [4.044] detected=true, x=3.8,y=-3.7, depth=156.0, area=1.5
GlobalTracer.robot_auto_Info: <Event name="RobotPose" time="4.052" pose="(x=223.7,y=-34.2,angle=-1.6)" />
GlobalTracer.FrcAuto.runPeriodic_Info: [4.064] detected=true, x=3.8,y=-3.9, depth=157.1, area=1.4
GlobalTracer.robot_auto_Info: <Event name="RobotPose" time="4.071" pose="(x=223.7,y=-34.3,angle=-1.6)" />
GlobalTracer.FrcAuto.runPeriodic_Info: [4.082] detected=true, x=3.7,y=-3.9, depth=156.9, area=1.4
GlobalTracer.robot_auto_Info: <Event name="RobotPose" time="4.090" pose="(x=223.7,y=-34.3,angle=-1.5)" />
GlobalTracer.FrcAuto.runPeriodic_Info: [4.104] detected=true, x=3.7,y=-3.9, depth=156.9, area=1.4
GlobalTracer.robot_auto_Info: <Event name="RobotPose" time="4.111" pose="(x=223.7,y=-34.4,angle=-1.5)" />
GlobalTracer.FrcAuto.runPeriodic_Info: [4.120] detected=true, x=3.7,y=-3.9, depth=156.9, area=1.4
GlobalTracer.robot_auto_Info: <Event name="RobotPose" time="4.130" pose="(x=223.7,y=-34.4,angle=-1.6)" />
GlobalTracer.FrcAuto.runPeriodic_Info: [4.140] detected=true, x=3.8,y=-3.7, depth=156.0, area=1.5
GlobalTracer.robot_auto_Info: <Event name="RobotPose" time="4.148" pose="(x=223.7,y=-34.5,angle=-1.6)" />
GlobalTracer.FrcAuto.runPeriodic_Info: [4.152] detected=true, x=3.8,y=-3.7, depth=156.0, area=1.5
GlobalTracer.robot_auto_Info: <Event name="RobotPose" time="4.161" pose="(x=223.7,y=-34.5,angle=-1.6)" />
GlobalTracer.FrcAuto.runPeriodic_Info: [4.167] detected=true, x=3.8,y=-3.7, depth=156.0, area=1.5
GlobalTracer.robot_auto_Info: <Event name="RobotPose" time="4.184" pose="(x=223.7,y=-34.5,angle=-1.6)" />
GlobalTracer.robot_auto_Info: <Event name="RobotPose" time="4.192" pose="(x=223.7,y=-34.5,angle=-1.6)" />
GlobalTracer.FrcAuto.runPeriodic_Info: [4.202] detected=true, x=3.8,y=-3.7, depth=156.0, area=1.5
GlobalTracer.robot_auto_Info: <Event name="RobotPose" time="4.210" pose="(x=223.7,y=-34.6,angle=-1.6)" />
GlobalTracer.FrcAuto.runPeriodic_Info: [4.213] detected=true, x=3.8,y=-3.7, depth=156.0, area=1.5
GlobalTracer.robot_auto_Info: <Event name="RobotPose" time="4.224" pose="(x=223.7,y=-34.6,angle=-1.6)" />
GlobalTracer.FrcAuto.runPeriodic_Info: [4.229] detected=true, x=3.8,y=-3.7, depth=156.0, area=1.5
GlobalTracer.robot_auto_Info: <Event name="RobotPose" time="4.235" pose="(x=223.7,y=-34.6,angle=-1.6)" />
GlobalTracer.robot_auto_Info: <Event name="RobotPose" time="4.248" pose="(x=223.7,y=-34.7,angle=-1.6)" />
GlobalTracer.FrcAuto.runPeriodic_Info: [4.252] detected=true, x=3.8,y=-3.7, depth=156.0, area=1.5
GlobalTracer.robot_auto_Info: <Event name="RobotPose" time="4.261" pose="(x=223.7,y=-34.7,angle=-1.6)" />
GlobalTracer.robot_auto_Info: <Event name="RobotPose" time="4.269" pose="(x=223.7,y=-34.7,angle=-1.6)" />
GlobalTracer.robot_auto_Info: <Event name="RobotPose" time="4.284" pose="(x=223.7,y=-34.7,angle=-1.6)" />
GlobalTracer.FrcAuto.runPeriodic_Info: [4.291] detected=true, x=3.8,y=-3.9, depth=157.1, area=1.4
GlobalTracer.robot_auto_Info: <Event name="RobotPose" time="4.299" pose="(x=223.7,y=-34.7,angle=-1.6)" />
GlobalTracer.robot_auto_Info: <Event name="RobotPose" time="4.311" pose="(x=223.7,y=-34.7,angle=-1.6)" />
GlobalTracer.FrcAuto.runPeriodic_Info: [4.315] detected=true, x=3.8,y=-3.9, depth=157.1, area=1.4
GlobalTracer.robot_auto_Info: <Event name="RobotPose" time="4.329" pose="(x=223.7,y=-34.8,angle=-1.6)" />
GlobalTracer.FrcAuto.runPeriodic_Info: [4.333] detected=true, x=3.8,y=-3.9, depth=157.1, area=1.4
GlobalTracer.robot_auto_Info: <Event name="RobotPose" time="4.346" pose="(x=223.7,y=-34.8,angle=-1.6)" />
GlobalTracer.FrcAuto.runPeriodic_Info: [4.353] detected=true, x=3.8,y=-3.9, depth=157.1, area=1.4
GlobalTracer.robot_auto_Info: <Event name="RobotPose" time="4.363" pose="(x=223.7,y=-34.8,angle=-1.6)" />
GlobalTracer.FrcAuto.runPeriodic_Info: [4.368] detected=true, x=3.8,y=-3.9, depth=157.1, area=1.4
GlobalTracer.robot_auto_Info: <Event name="RobotPose" time="4.381" pose="(x=223.7,y=-34.8,angle=-1.6)" />
GlobalTracer.robot_auto_Info: <Event name="RobotPose" time="4.391" pose="(x=223.7,y=-34.9,angle=-1.6)" />
GlobalTracer.FrcAuto.runPeriodic_Info: [4.395] detected=true, x=3.8,y=-3.9, depth=157.1, area=1.4
GlobalTracer.robot_auto_Info: <Event name="RobotPose" time="4.414" pose="(x=223.7,y=-34.9,angle=-1.6)" />
GlobalTracer.FrcAuto.runPeriodic_Info: [4.421] detected=true, x=3.8,y=-3.9, depth=157.1, area=1.4
GlobalTracer.robot_auto_Info: <Event name="RobotPose" time="4.434" pose="(x=223.7,y=-34.9,angle=-1.6)" />
GlobalTracer.FrcAuto.runPeriodic_Info: [4.441] detected=true, x=3.8,y=-3.9, depth=157.1, area=1.4
GlobalTracer.robot_auto_Info: <Event name="RobotPose" time="4.451" pose="(x=223.7,y=-34.9,angle=-1.6)" />
GlobalTracer.FrcAuto.runPeriodic_Info: [4.456] detected=true, x=3.8,y=-3.9, depth=157.1, area=1.4
GlobalTracer.robot_auto_Info: <Event name="RobotPose" time="4.464" pose="(x=223.7,y=-34.9,angle=-1.6)" />
GlobalTracer.FrcAuto.runPeriodic_Info: [4.474] detected=true, x=3.8,y=-3.9, depth=157.1, area=1.4
GlobalTracer.robot_auto_Info: <Event name="RobotPose" time="4.483" pose="(x=223.7,y=-34.9,angle=-1.6)" />
GlobalTracer.FrcAuto.runPeriodic_Info: [4.491] detected=true, x=3.8,y=-3.9, depth=157.1, area=1.4
GlobalTracer.robot_auto_Info: <Event name="RobotPose" time="4.502" pose="(x=223.7,y=-35.0,angle=-1.6)" />
GlobalTracer.FrcAuto.runPeriodic_Info: [4.506] detected=true, x=3.8,y=-3.9, depth=157.1, area=1.4
GlobalTracer.robot_auto_Info: <Event name="RobotPose" time="4.522" pose="(x=223.7,y=-35.0,angle=-1.6)" />
GlobalTracer.FrcAuto.runPeriodic_Info: [4.526] detected=true, x=3.8,y=-3.9, depth=157.1, area=1.4
GlobalTracer.robot_auto_Info: <Event name="RobotPose" time="4.540" pose="(x=223.7,y=-35.0,angle=-1.6)" />
GlobalTracer.robot_auto_Info: <Event name="RobotPose" time="4.547" pose="(x=223.7,y=-35.0,angle=-1.6)" />
GlobalTracer.FrcAuto.runPeriodic_Info: [4.555] detected=true, x=3.8,y=-3.9, depth=157.1, area=1.4
GlobalTracer.robot_auto_Info: <Event name="RobotPose" time="4.566" pose="(x=223.7,y=-35.0,angle=-1.6)" />
GlobalTracer.robot_auto_Info: <Event name="RobotPose" time="4.585" pose="(x=223.7,y=-35.0,angle=-1.6)" />
GlobalTracer.FrcAuto.runPeriodic_Info: [4.589] detected=true, x=3.8,y=-3.9, depth=157.1, area=1.4
GlobalTracer.robot_auto_Info: <Event name="RobotPose" time="4.603" pose="(x=223.7,y=-35.1,angle=-1.6)" />
GlobalTracer.FrcAuto.runPeriodic_Info: [4.608] detected=true, x=3.8,y=-3.9, depth=157.1, area=1.4
GlobalTracer.robot_auto_Info: <Event name="RobotPose" time="4.616" pose="(x=223.7,y=-35.1,angle=-1.6)" />
GlobalTracer.robot_auto_Info: <Event name="RobotPose" time="4.626" pose="(x=223.7,y=-35.1,angle=-1.6)" />
GlobalTracer.FrcAuto.runPeriodic_Info: [4.630] detected=true, x=3.8,y=-3.9, depth=157.1, area=1.4
GlobalTracer.robot_auto_Info: <Event name="RobotPose" time="4.646" pose="(x=223.7,y=-35.1,angle=-1.6)" />
GlobalTracer.FrcAuto.runPeriodic_Info: [4.667] detected=true, x=3.8,y=-3.9, depth=157.1, area=1.4
GlobalTracer.robot_auto_Info: <Event name="RobotPose" time="4.682" pose="(x=223.7,y=-35.1,angle=-1.6)" />
GlobalTracer.FrcAuto.runPeriodic_Info: [4.688] detected=true, x=3.8,y=-3.9, depth=157.1, area=1.4
GlobalTracer.robot_auto_Info: <Event name="RobotPose" time="4.704" pose="(x=223.7,y=-35.1,angle=-1.6)" />
GlobalTracer.FrcAuto.runPeriodic_Info: [4.713] detected=true, x=3.8,y=-3.9, depth=157.1, area=1.4
GlobalTracer.robot_auto_Info: <Event name="RobotPose" time="4.720" pose="(x=223.7,y=-35.1,angle=-1.6)" />
GlobalTracer.FrcAuto.runPeriodic_Info: [4.725] detected=true, x=3.8,y=-3.9, depth=157.1, area=1.4
GlobalTracer.robot_auto_Info: <Event name="RobotPose" time="4.732" pose="(x=223.7,y=-35.1,angle=-1.6)" />
GlobalTracer.CmdShooterAuto.cmdPeriodic_Info: [4.741] CurrState=DONE
GlobalTracer.CmdShooterAuto.cmdPeriodic_Info: [4.745] Finished auto! Pose=(x=223.7,y=-35.2,angle=-1.6)
GlobalTracer.FrcAuto.runPeriodic_Info: [4.748] detected=true, x=3.8,y=-3.9, depth=157.1, area=1.4
GlobalTracer.FrcAuto.runPeriodic_Info: [4.761] detected=true, x=3.8,y=-3.9, depth=157.1, area=1.4
GlobalTracer.FrcAuto.runPeriodic_Info: [4.784] detected=true, x=3.8,y=-3.9, depth=157.1, area=1.4
GlobalTracer.FrcAuto.runPeriodic_Info: [4.802] detected=true, x=3.8,y=-3.9, depth=157.1, area=1.4
GlobalTracer.FrcAuto.runPeriodic_Info: [4.819] detected=true, x=3.8,y=-3.9, depth=157.1, area=1.4
GlobalTracer.FrcAuto.runPeriodic_Info: [4.841] detected=true, x=3.8,y=-3.9, depth=157.1, area=1.4
GlobalTracer.FrcAuto.runPeriodic_Info: [4.865] detected=true, x=3.8,y=-3.9, depth=157.1, area=1.4
GlobalTracer.FrcAuto.runPeriodic_Info: [4.887] detected=true, x=3.8,y=-3.9, depth=157.1, area=1.4
GlobalTracer.FrcAuto.runPeriodic_Info: [4.915] detected=true, x=3.8,y=-3.9, depth=157.1, area=1.4
GlobalTracer.FrcAuto.runPeriodic_Info: [4.921] detected=true, x=3.8,y=-3.9, depth=157.1, area=1.4
GlobalTracer.FrcAuto.runPeriodic_Info: [4.941] detected=true, x=3.8,y=-3.9, depth=157.1, area=1.4
GlobalTracer.FrcAuto.runPeriodic_Info: [4.963] detected=true, x=3.8,y=-3.9, depth=157.1, area=1.4
GlobalTracer.FrcAuto.runPeriodic_Info: [4.983] detected=true, x=3.8,y=-3.9, depth=157.1, area=1.4
GlobalTracer.FrcAuto.runPeriodic_Info: [5.000] detected=true, x=3.8,y=-3.9, depth=157.1, area=1.4
GlobalTracer.FrcAuto.runPeriodic_Info: [5.020] detected=true, x=3.8,y=-3.9, depth=157.1, area=1.4
GlobalTracer.FrcAuto.runPeriodic_Info: [5.038] detected=true, x=3.8,y=-3.9, depth=157.1, area=1.4
GlobalTracer.FrcAuto.runPeriodic_Info: [5.059] detected=true, x=3.8,y=-3.9, depth=157.1, area=1.4
GlobalTracer.FrcAuto.runPeriodic_Info: [5.081] detected=true, x=3.7,y=-3.9, depth=157.3, area=1.5
GlobalTracer.FrcAuto.runPeriodic_Info: [5.101] detected=true, x=3.6,y=-3.9, depth=157.1, area=1.4
GlobalTracer.FrcAuto.runPeriodic_Info: [5.119] detected=true, x=3.6,y=-3.9, depth=156.9, area=1.4
GlobalTracer.FrcAuto.runPeriodic_Info: [5.141] detected=true, x=3.6,y=-4.0, depth=158.1, area=1.5
GlobalTracer.FrcAuto.runPeriodic_Info: [5.160] detected=true, x=3.9,y=-4.3, depth=160.3, area=1.4
GlobalTracer.FrcAuto.runPeriodic_Info: [5.184] detected=true, x=3.8,y=-3.8, depth=156.6, area=1.4
GlobalTracer.FrcAuto.runPeriodic_Info: [5.205] detected=true, x=4.1,y=-4.3, depth=160.0, area=1.4
GlobalTracer.FrcAuto.runPeriodic_Info: [5.222] detected=true, x=4.0,y=-4.0, depth=158.2, area=1.4
GlobalTracer.FrcAuto.runPeriodic_Info: [5.245] detected=true, x=4.0,y=-4.1, depth=158.7, area=1.4
GlobalTracer.FrcAuto.runPeriodic_Info: [5.266] detected=true, x=3.9,y=-3.9, depth=157.3, area=1.5
GlobalTracer.FrcAuto.runPeriodic_Info: [5.283] detected=true, x=3.8,y=-4.0, depth=157.7, area=1.4
GlobalTracer.FrcAuto.runPeriodic_Info: [5.301] detected=true, x=3.6,y=-3.9, depth=157.3, area=1.5
GlobalTracer.FrcAuto.runPeriodic_Info: [5.322] detected=true, x=3.6,y=-4.0, depth=157.8, area=1.4
GlobalTracer.FrcAuto.runPeriodic_Info: [5.341] detected=true, x=3.4,y=-3.8, depth=156.3, area=1.5
GlobalTracer.FrcAuto.runPeriodic_Info: [5.365] detected=true, x=3.6,y=-3.9, depth=157.1, area=1.4
GlobalTracer.FrcAuto.runPeriodic_Info: [5.380] detected=true, x=3.6,y=-3.8, depth=156.4, area=1.5
GlobalTracer.FrcAuto.runPeriodic_Info: [5.405] detected=true, x=3.6,y=-2.2, depth=146.1, area=1.4
GlobalTracer.FrcAuto.runPeriodic_Info: [5.420] detected=true, x=3.6,y=-2.5, depth=147.7, area=1.5
GlobalTracer.FrcAuto.runPeriodic_Info: [5.442] detected=true, x=3.9,y=-3.9, depth=157.3, area=1.5
GlobalTracer.FrcAuto.runPeriodic_Info: [5.464] detected=true, x=3.6,y=-3.1, depth=151.9, area=1.5
GlobalTracer.FrcAuto.runPeriodic_Info: [5.480] detected=true, x=3.6,y=-2.7, depth=149.1, area=1.5
GlobalTracer.FrcAuto.runPeriodic_Info: [5.500] detected=true, x=3.6,y=-2.5, depth=147.7, area=1.5
GlobalTracer.FrcAuto.runPeriodic_Info: [5.519] detected=true, x=3.6,y=-2.9, depth=150.5, area=1.5
GlobalTracer.FrcAuto.runPeriodic_Info: [5.539] detected=true, x=3.8,y=-4.2, depth=159.1, area=1.5
GlobalTracer.FrcAuto.runPeriodic_Info: [5.559] detected=true, x=3.7,y=-3.9, depth=157.3, area=1.5
GlobalTracer.FrcAuto.runPeriodic_Info: [5.579] detected=true, x=3.6,y=-3.5, depth=154.1, area=1.4
GlobalTracer.FrcAuto.runPeriodic_Info: [5.602] detected=true, x=3.6,y=-3.9, depth=157.1, area=1.4
GlobalTracer.FrcAuto.runPeriodic_Info: [5.622] detected=true, x=3.6,y=-4.0, depth=157.9, area=1.5
GlobalTracer.FrcAuto.runPeriodic_Info: [5.642] detected=true, x=3.6,y=-3.8, depth=156.3, area=1.5
GlobalTracer.FrcAuto.runPeriodic_Info: [5.672] detected=true, x=3.6,y=-3.8, depth=156.6, area=1.5
GlobalTracer.FrcAuto.runPeriodic_Info: [5.684] detected=true, x=3.6,y=-3.8, depth=156.6, area=1.5
GlobalTracer.FrcAuto.runPeriodic_Info: [5.714] detected=true, x=3.6,y=-3.8, depth=156.7, area=1.5
GlobalTracer.FrcAuto.runPeriodic_Info: [5.730] detected=true, x=3.6,y=-3.8, depth=156.4, area=1.5
GlobalTracer.FrcAuto.runPeriodic_Info: [5.750] detected=true, x=3.6,y=-3.8, depth=156.4, area=1.5
GlobalTracer.FrcAuto.runPeriodic_Info: [5.766] detected=true, x=3.6,y=-3.8, depth=156.6, area=1.4
GlobalTracer.FrcAuto.runPeriodic_Info: [5.787] detected=true, x=3.6,y=-3.8, depth=156.6, area=1.5
GlobalTracer.FrcAuto.runPeriodic_Info: [5.805] detected=true, x=3.6,y=-3.8, depth=156.4, area=1.5
GlobalTracer.FrcAuto.runPeriodic_Info: [5.853] detected=true, x=3.6,y=-3.8, depth=156.6, area=1.4
GlobalTracer.FrcAuto.runPeriodic_Info: [5.871] detected=true, x=3.6,y=-3.8, depth=156.6, area=1.5
GlobalTracer.FrcAuto.runPeriodic_Info: [5.886] detected=true, x=3.6,y=-3.8, depth=156.6, area=1.5
GlobalTracer.FrcAuto.runPeriodic_Info: [5.905] detected=true, x=3.6,y=-3.8, depth=156.4, area=1.5
GlobalTracer.FrcAuto.runPeriodic_Info: [5.922] detected=true, x=3.6,y=-3.8, depth=156.6, area=1.4
GlobalTracer.FrcAuto.runPeriodic_Info: [5.940] detected=true, x=3.6,y=-3.8, depth=156.4, area=1.5
GlobalTracer.FrcAuto.runPeriodic_Info: [5.961] detected=true, x=3.6,y=-3.8, depth=156.6, area=1.5
GlobalTracer.FrcAuto.runPeriodic_Info: [5.979] detected=true, x=3.6,y=-3.8, depth=156.6, area=1.4
GlobalTracer.FrcAuto.runPeriodic_Info: [6.002] detected=true, x=3.6,y=-3.8, depth=156.6, area=1.5
GlobalTracer.FrcAuto.runPeriodic_Info: [6.019] detected=true, x=3.6,y=-3.8, depth=156.6, area=1.4
GlobalTracer.FrcAuto.runPeriodic_Info: [6.039] detected=true, x=3.6,y=-3.8, depth=156.6, area=1.4
GlobalTracer.FrcAuto.runPeriodic_Info: [6.058] detected=true, x=3.6,y=-3.8, depth=156.6, area=1.5
GlobalTracer.FrcAuto.runPeriodic_Info: [6.078] detected=true, x=3.6,y=-3.8, depth=156.6, area=1.4
GlobalTracer.FrcAuto.runPeriodic_Info: [6.099] detected=true, x=3.6,y=-3.8, depth=156.6, area=1.5
GlobalTracer.FrcAuto.runPeriodic_Info: [6.122] detected=true, x=3.6,y=-3.8, depth=156.6, area=1.5
GlobalTracer.FrcAuto.runPeriodic_Info: [6.141] detected=true, x=3.6,y=-3.8, depth=156.6, area=1.5
GlobalTracer.FrcAuto.runPeriodic_Info: [6.160] detected=true, x=3.6,y=-3.8, depth=156.6, area=1.5
GlobalTracer.FrcAuto.runPeriodic_Info: [6.180] detected=true, x=3.6,y=-3.8, depth=156.6, area=1.4
GlobalTracer.FrcAuto.runPeriodic_Info: [6.202] detected=true, x=3.6,y=-3.8, depth=156.6, area=1.5
GlobalTracer.FrcAuto.runPeriodic_Info: [6.219] detected=true, x=3.6,y=-3.8, depth=156.6, area=1.5
GlobalTracer.FrcAuto.runPeriodic_Info: [6.242] detected=true, x=3.6,y=-3.8, depth=156.6, area=1.5
GlobalTracer.FrcAuto.runPeriodic_Info: [6.259] detected=true, x=3.6,y=-3.8, depth=156.6, area=1.5
GlobalTracer.FrcAuto.runPeriodic_Info: [6.281] detected=true, x=3.6,y=-3.8, depth=156.6, area=1.5
GlobalTracer.FrcAuto.runPeriodic_Info: [6.299] detected=true, x=3.6,y=-3.8, depth=156.6, area=1.5
GlobalTracer.FrcAuto.runPeriodic_Info: [6.322] detected=true, x=3.6,y=-3.8, depth=156.6, area=1.5
GlobalTracer.FrcAuto.runPeriodic_Info: [6.342] detected=true, x=3.6,y=-3.8, depth=156.6, area=1.5
GlobalTracer.FrcAuto.runPeriodic_Info: [6.359] detected=true, x=3.6,y=-3.8, depth=156.6, area=1.5
GlobalTracer.FrcAuto.runPeriodic_Info: [6.380] detected=true, x=3.6,y=-3.8, depth=156.6, area=1.5
GlobalTracer.FrcAuto.runPeriodic_Info: [6.400] detected=true, x=3.6,y=-3.8, depth=156.6, area=1.5
GlobalTracer.FrcAuto.runPeriodic_Info: [6.426] detected=true, x=3.6,y=-3.8, depth=156.6, area=1.5
GlobalTracer.FrcAuto.runPeriodic_Info: [6.441] detected=true, x=3.6,y=-3.8, depth=156.6, area=1.5
GlobalTracer.FrcAuto.runPeriodic_Info: [6.460] detected=true, x=3.6,y=-3.8, depth=156.6, area=1.5
GlobalTracer.FrcAuto.runPeriodic_Info: [6.480] detected=true, x=3.6,y=-3.8, depth=156.6, area=1.5
GlobalTracer.FrcAuto.runPeriodic_Info: [6.501] detected=true, x=3.6,y=-3.8, depth=156.6, area=1.5
GlobalTracer.FrcAuto.runPeriodic_Info: [6.520] detected=true, x=3.6,y=-3.8, depth=156.6, area=1.5
GlobalTracer.FrcAuto.runPeriodic_Info: [6.541] detected=true, x=3.6,y=-3.8, depth=156.6, area=1.5
GlobalTracer.FrcAuto.runPeriodic_Info: [6.563] detected=true, x=3.6,y=-3.8, depth=156.6, area=1.5
GlobalTracer.FrcAuto.runPeriodic_Info: [6.581] detected=true, x=-29.5,y=-13.9, depth=266.3, area=0.0
GlobalTracer.FrcAuto.runPeriodic_Info: [6.602] detected=true, x=3.6,y=-3.8, depth=156.6, area=1.5
GlobalTracer.FrcAuto.runPeriodic_Info: [6.621] detected=true, x=3.6,y=-3.8, depth=156.6, area=1.5
GlobalTracer.FrcAuto.runPeriodic_Info: [6.639] detected=true, x=3.6,y=-3.8, depth=156.6, area=1.5
GlobalTracer.FrcAuto.runPeriodic_Info: [6.660] detected=true, x=3.6,y=-3.8, depth=156.6, area=1.5
GlobalTracer.FrcAuto.runPeriodic_Info: [6.684] detected=true, x=3.6,y=-3.8, depth=156.6, area=1.5
GlobalTracer.FrcAuto.runPeriodic_Info: [6.703] detected=true, x=3.6,y=-3.8, depth=156.6, area=1.5
GlobalTracer.FrcAuto.runPeriodic_Info: [6.721] detected=true, x=3.6,y=-3.8, depth=156.6, area=1.5
GlobalTracer.FrcAuto.runPeriodic_Info: [6.743] detected=true, x=3.6,y=-3.8, depth=156.4, area=1.5
GlobalTracer.FrcAuto.runPeriodic_Info: [6.760] detected=true, x=3.6,y=-3.8, depth=156.4, area=1.5
GlobalTracer.FrcAuto.runPeriodic_Info: [6.783] detected=true, x=3.6,y=-3.8, depth=156.6, area=1.5
GlobalTracer.FrcAuto.runPeriodic_Info: [6.801] detected=true, x=3.6,y=-3.8, depth=156.6, area=1.5
GlobalTracer.FrcAuto.runPeriodic_Info: [6.823] detected=true, x=3.6,y=-3.8, depth=156.4, area=1.5
GlobalTracer.FrcAuto.runPeriodic_Info: [6.840] detected=true, x=3.6,y=-3.8, depth=156.6, area=1.5
GlobalTracer.FrcAuto.runPeriodic_Info: [6.861] detected=true, x=3.6,y=-3.8, depth=156.6, area=1.5
GlobalTracer.FrcAuto.runPeriodic_Info: [6.882] detected=true, x=3.6,y=-3.8, depth=156.6, area=1.5
GlobalTracer.FrcAuto.runPeriodic_Info: [6.900] detected=true, x=3.6,y=-3.8, depth=156.6, area=1.5
GlobalTracer.FrcAuto.runPeriodic_Info: [6.920] detected=true, x=3.6,y=-3.8, depth=156.6, area=1.5
GlobalTracer.FrcAuto.runPeriodic_Info: [6.940] detected=true, x=3.6,y=-3.8, depth=156.6, area=1.5
GlobalTracer.FrcAuto.runPeriodic_Info: [6.959] detected=true, x=3.6,y=-3.8, depth=156.6, area=1.5
GlobalTracer.FrcAuto.runPeriodic_Info: [6.981] detected=true, x=3.6,y=-3.8, depth=156.6, area=1.5
GlobalTracer.FrcAuto.runPeriodic_Info: [7.001] detected=true, x=3.6,y=-3.8, depth=156.6, area=1.5
GlobalTracer.FrcAuto.runPeriodic_Info: [7.019] detected=true, x=3.6,y=-3.8, depth=156.6, area=1.5
GlobalTracer.FrcAuto.runPeriodic_Info: [7.040] detected=true, x=3.6,y=-3.8, depth=156.6, area=1.5
GlobalTracer.FrcAuto.runPeriodic_Info: [7.060] detected=true, x=3.6,y=-3.8, depth=156.6, area=1.5
GlobalTracer.FrcAuto.runPeriodic_Info: [7.082] detected=true, x=3.6,y=-3.8, depth=156.6, area=1.5
GlobalTracer.FrcAuto.runPeriodic_Info: [7.100] detected=true, x=3.6,y=-3.8, depth=156.6, area=1.5
GlobalTracer.FrcAuto.runPeriodic_Info: [7.123] detected=true, x=3.6,y=-3.8, depth=156.6, area=1.5
GlobalTracer.FrcAuto.runPeriodic_Info: [7.142] detected=true, x=3.6,y=-3.8, depth=156.6, area=1.5
GlobalTracer.FrcAuto.runPeriodic_Info: [7.163] detected=true, x=3.6,y=-3.8, depth=156.6, area=1.5
GlobalTracer.FrcAuto.runPeriodic_Info: [7.182] detected=true, x=3.6,y=-3.8, depth=156.6, area=1.5
GlobalTracer.FrcAuto.runPeriodic_Info: [7.201] detected=true, x=3.6,y=-3.8, depth=156.6, area=1.5
GlobalTracer.FrcAuto.runPeriodic_Info: [7.220] detected=true, x=3.6,y=-3.8, depth=156.6, area=1.5
GlobalTracer.FrcAuto.runPeriodic_Info: [7.244] detected=true, x=3.6,y=-3.8, depth=156.6, area=1.5
GlobalTracer.FrcAuto.runPeriodic_Info: [7.262] detected=true, x=3.6,y=-3.8, depth=156.6, area=1.5
GlobalTracer.FrcAuto.runPeriodic_Info: [7.281] detected=true, x=3.6,y=-3.8, depth=156.6, area=1.5
GlobalTracer.FrcAuto.runPeriodic_Info: [7.300] detected=true, x=3.6,y=-3.8, depth=156.6, area=1.5
GlobalTracer.FrcAuto.runPeriodic_Info: [7.330] detected=true, x=3.6,y=-3.8, depth=156.6, area=1.5
GlobalTracer.FrcAuto.runPeriodic_Info: [7.346] detected=true, x=3.6,y=-3.8, depth=156.6, area=1.5
GlobalTracer.FrcAuto.runPeriodic_Info: [7.367] detected=true, x=3.6,y=-3.8, depth=156.6, area=1.5
GlobalTracer.FrcAuto.runPeriodic_Info: [7.382] detected=true, x=3.6,y=-3.8, depth=156.6, area=1.4
GlobalTracer.FrcAuto.runPeriodic_Info: [7.402] detected=true, x=3.6,y=-3.8, depth=156.6, area=1.5
GlobalTracer.FrcAuto.runPeriodic_Info: [7.428] detected=true, x=3.6,y=-3.8, depth=156.6, area=1.5
GlobalTracer.FrcAuto.runPeriodic_Info: [7.457] detected=true, x=3.6,y=-3.8, depth=156.6, area=1.4
GlobalTracer.FrcAuto.runPeriodic_Info: [7.472] detected=true, x=3.6,y=-3.8, depth=156.6, area=1.4
GlobalTracer.FrcAuto.runPeriodic_Info: [7.488] detected=true, x=3.6,y=-3.8, depth=156.6, area=1.4
GlobalTracer.FrcAuto.runPeriodic_Info: [7.505] detected=true, x=3.6,y=-3.8, depth=156.6, area=1.4
GlobalTracer.FrcAuto.runPeriodic_Info: [7.523] detected=true, x=3.6,y=-3.8, depth=156.6, area=1.5
GlobalTracer.FrcAuto.runPeriodic_Info: [7.546] detected=true, x=3.6,y=-3.8, depth=156.6, area=1.4
GlobalTracer.FrcAuto.runPeriodic_Info: [7.562] detected=true, x=3.6,y=-3.8, depth=156.6, area=1.4
GlobalTracer.FrcAuto.runPeriodic_Info: [7.581] detected=true, x=3.6,y=-3.8, depth=156.6, area=1.5
GlobalTracer.FrcAuto.runPeriodic_Info: [7.600] detected=true, x=3.6,y=-3.8, depth=156.6, area=1.4
GlobalTracer.FrcAuto.runPeriodic_Info: [7.620] detected=true, x=3.6,y=-3.8, depth=156.6, area=1.5
GlobalTracer.FrcAuto.runPeriodic_Info: [7.640] detected=true, x=3.6,y=-3.8, depth=156.6, area=1.4
GlobalTracer.FrcAuto.runPeriodic_Info: [7.661] detected=true, x=3.6,y=-3.8, depth=156.6, area=1.5
GlobalTracer.FrcAuto.runPeriodic_Info: [7.681] detected=true, x=3.6,y=-3.8, depth=156.6, area=1.5
GlobalTracer.FrcAuto.runPeriodic_Info: [7.700] detected=true, x=3.6,y=-3.8, depth=156.6, area=1.5
GlobalTracer.FrcAuto.runPeriodic_Info: [7.720] detected=true, x=3.6,y=-3.8, depth=156.6, area=1.5
GlobalTracer.FrcAuto.runPeriodic_Info: [7.742] detected=true, x=3.6,y=-3.8, depth=156.6, area=1.5
GlobalTracer.FrcAuto.runPeriodic_Info: [7.759] detected=true, x=3.6,y=-3.8, depth=156.6, area=1.5
GlobalTracer.FrcAuto.runPeriodic_Info: [7.781] detected=true, x=3.6,y=-3.8, depth=156.6, area=1.5
GlobalTracer.FrcAuto.runPeriodic_Info: [7.800] detected=true, x=3.6,y=-3.8, depth=156.6, area=1.5
GlobalTracer.FrcAuto.runPeriodic_Info: [7.820] detected=true, x=3.6,y=-3.8, depth=156.6, area=1.5
GlobalTracer.FrcAuto.runPeriodic_Info: [7.841] detected=true, x=3.6,y=-3.8, depth=156.6, area=1.5
GlobalTracer.FrcAuto.runPeriodic_Info: [7.864] detected=true, x=3.6,y=-3.8, depth=156.6, area=1.5
GlobalTracer.FrcAuto.runPeriodic_Info: [7.881] detected=true, x=-29.5,y=-14.3, depth=273.8, area=0.0
GlobalTracer.FrcAuto.runPeriodic_Info: [7.903] detected=true, x=3.6,y=-3.8, depth=156.6, area=1.5
GlobalTracer.FrcAuto.runPeriodic_Info: [7.926] detected=true, x=3.6,y=-3.8, depth=156.6, area=1.5
GlobalTracer.FrcAuto.runPeriodic_Info: [7.946] detected=true, x=3.6,y=-3.8, depth=156.6, area=1.5
GlobalTracer.FrcAuto.runPeriodic_Info: [7.963] detected=true, x=3.6,y=-3.8, depth=156.6, area=1.5
GlobalTracer.FrcAuto.runPeriodic_Info: [7.996] detected=true, x=3.6,y=-3.8, depth=156.6, area=1.5
GlobalTracer.FrcAuto.runPeriodic_Info: [8.003] detected=true, x=3.6,y=-3.8, depth=156.6, area=1.5
GlobalTracer.FrcAuto.runPeriodic_Info: [8.021] detected=true, x=3.6,y=-3.8, depth=156.6, area=1.5
GlobalTracer.FrcAuto.runPeriodic_Info: [8.041] detected=true, x=3.6,y=-3.8, depth=156.6, area=1.5
GlobalTracer.FrcAuto.runPeriodic_Info: [8.060] detected=true, x=3.6,y=-3.8, depth=156.6, area=1.5
GlobalTracer.FrcAuto.runPeriodic_Info: [8.081] detected=true, x=3.6,y=-3.8, depth=156.6, area=1.5
GlobalTracer.FrcAuto.runPeriodic_Info: [8.101] detected=true, x=3.6,y=-3.8, depth=156.6, area=1.5
GlobalTracer.FrcAuto.runPeriodic_Info: [8.120] detected=true, x=3.6,y=-3.8, depth=156.6, area=1.5
GlobalTracer.FrcAuto.runPeriodic_Info: [8.142] detected=true, x=3.6,y=-3.8, depth=156.6, area=1.5
GlobalTracer.FrcAuto.runPeriodic_Info: [8.163] detected=true, x=3.6,y=-3.8, depth=156.4, area=1.5
GlobalTracer.FrcAuto.runPeriodic_Info: [8.186] detected=true, x=3.6,y=-3.8, depth=156.6, area=1.5
GlobalTracer.FrcAuto.runPeriodic_Info: [8.200] detected=true, x=3.6,y=-3.8, depth=156.6, area=1.5
GlobalTracer.FrcAuto.runPeriodic_Info: [8.222] detected=true, x=3.6,y=-3.8, depth=156.6, area=1.5
GlobalTracer.FrcAuto.runPeriodic_Info: [8.241] detected=true, x=3.6,y=-3.8, depth=156.6, area=1.5
GlobalTracer.FrcAuto.runPeriodic_Info: [8.261] detected=true, x=3.6,y=-3.8, depth=156.6, area=1.5
GlobalTracer.FrcAuto.runPeriodic_Info: [8.279] detected=true, x=3.6,y=-3.8, depth=156.6, area=1.5
GlobalTracer.FrcAuto.runPeriodic_Info: [8.299] detected=true, x=3.6,y=-3.8, depth=156.6, area=1.5
GlobalTracer.FrcAuto.runPeriodic_Info: [8.319] detected=true, x=3.6,y=-3.8, depth=156.6, area=1.5
GlobalTracer.FrcAuto.runPeriodic_Info: [8.340] detected=true, x=3.6,y=-3.8, depth=156.6, area=1.5
GlobalTracer.FrcAuto.runPeriodic_Info: [8.359] detected=true, x=3.6,y=-3.8, depth=156.6, area=1.5
GlobalTracer.FrcAuto.runPeriodic_Info: [8.393] detected=true, x=3.6,y=-3.8, depth=156.6, area=1.5
GlobalTracer.FrcAuto.runPeriodic_Info: [8.401] detected=true, x=3.6,y=-3.8, depth=156.6, area=1.5
GlobalTracer.FrcAuto.runPeriodic_Info: [8.420] detected=true, x=3.6,y=-3.8, depth=156.6, area=1.5
GlobalTracer.FrcAuto.runPeriodic_Info: [8.439] detected=true, x=3.6,y=-3.8, depth=156.6, area=1.5
GlobalTracer.FrcAuto.runPeriodic_Info: [8.464] detected=true, x=3.6,y=-3.8, depth=156.6, area=1.5
GlobalTracer.FrcAuto.runPeriodic_Info: [8.480] detected=true, x=3.6,y=-3.8, depth=156.6, area=1.5
GlobalTracer.FrcAuto.runPeriodic_Info: [8.503] detected=true, x=3.6,y=-3.8, depth=156.6, area=1.5
GlobalTracer.FrcAuto.runPeriodic_Info: [8.520] detected=true, x=3.6,y=-3.8, depth=156.6, area=1.5
GlobalTracer.FrcAuto.runPeriodic_Info: [8.539] detected=true, x=3.6,y=-3.8, depth=156.6, area=1.5
GlobalTracer.FrcAuto.runPeriodic_Info: [8.559] detected=true, x=3.6,y=-3.8, depth=156.6, area=1.5
GlobalTracer.FrcAuto.runPeriodic_Info: [8.580] detected=true, x=3.6,y=-3.8, depth=156.6, area=1.5
GlobalTracer.FrcAuto.runPeriodic_Info: [8.600] detected=true, x=3.6,y=-3.8, depth=156.6, area=1.5
GlobalTracer.FrcAuto.runPeriodic_Info: [8.618] detected=true, x=3.6,y=-3.8, depth=156.6, area=1.5
GlobalTracer.FrcAuto.runPeriodic_Info: [8.639] detected=true, x=3.6,y=-3.8, depth=156.6, area=1.5
GlobalTracer.FrcAuto.runPeriodic_Info: [8.659] detected=true, x=3.6,y=-3.8, depth=156.6, area=1.5
GlobalTracer.FrcAuto.runPeriodic_Info: [8.680] detected=true, x=3.6,y=-3.8, depth=156.6, area=1.5
GlobalTracer.FrcAuto.runPeriodic_Info: [8.699] detected=true, x=3.6,y=-3.8, depth=156.6, area=1.5
GlobalTracer.FrcAuto.runPeriodic_Info: [8.719] detected=true, x=3.6,y=-3.8, depth=156.6, area=1.5
GlobalTracer.FrcAuto.runPeriodic_Info: [8.741] detected=true, x=3.6,y=-3.8, depth=156.6, area=1.5
GlobalTracer.FrcAuto.runPeriodic_Info: [8.758] detected=true, x=3.6,y=-3.8, depth=156.6, area=1.5
GlobalTracer.FrcAuto.runPeriodic_Info: [8.781] detected=true, x=3.6,y=-3.8, depth=156.6, area=1.5
GlobalTracer.FrcAuto.runPeriodic_Info: [8.799] detected=true, x=3.6,y=-3.8, depth=156.6, area=1.5
GlobalTracer.FrcAuto.runPeriodic_Info: [8.821] detected=true, x=3.6,y=-3.8, depth=156.6, area=1.5
GlobalTracer.FrcAuto.runPeriodic_Info: [8.842] detected=true, x=3.6,y=-3.8, depth=156.6, area=1.5
GlobalTracer.FrcAuto.runPeriodic_Info: [8.859] detected=true, x=3.6,y=-3.8, depth=156.6, area=1.5
GlobalTracer.FrcAuto.runPeriodic_Info: [8.879] detected=true, x=3.6,y=-3.8, depth=156.6, area=1.5
GlobalTracer.FrcAuto.runPeriodic_Info: [8.898] detected=true, x=3.6,y=-3.8, depth=156.6, area=1.5
GlobalTracer.FrcAuto.runPeriodic_Info: [8.919] detected=true, x=3.6,y=-3.8, depth=156.6, area=1.5
GlobalTracer.FrcAuto.runPeriodic_Info: [8.945] detected=true, x=3.6,y=-3.8, depth=156.6, area=1.5
GlobalTracer.FrcAuto.runPeriodic_Info: [8.960] detected=true, x=3.6,y=-3.8, depth=156.6, area=1.5
GlobalTracer.FrcAuto.runPeriodic_Info: [8.983] detected=true, x=3.6,y=-3.8, depth=156.6, area=1.5
GlobalTracer.FrcAuto.runPeriodic_Info: [9.012] detected=true, x=3.6,y=-3.8, depth=156.6, area=1.5
GlobalTracer.FrcAuto.runPeriodic_Info: [9.021] detected=true, x=3.6,y=-3.8, depth=156.6, area=1.5
GlobalTracer.FrcAuto.runPeriodic_Info: [9.040] detected=true, x=3.6,y=-3.8, depth=156.6, area=1.5
GlobalTracer.FrcAuto.runPeriodic_Info: [9.060] detected=true, x=3.6,y=-3.8, depth=156.6, area=1.5
GlobalTracer.FrcAuto.runPeriodic_Info: [9.080] detected=true, x=3.6,y=-3.8, depth=156.6, area=1.5
GlobalTracer.FrcAuto.runPeriodic_Info: [9.101] detected=true, x=3.6,y=-3.8, depth=156.6, area=1.5
GlobalTracer.FrcAuto.runPeriodic_Info: [9.121] detected=true, x=3.6,y=-3.8, depth=156.6, area=1.5
GlobalTracer.FrcAuto.runPeriodic_Info: [9.139] detected=true, x=3.6,y=-3.8, depth=156.6, area=1.5
GlobalTracer.FrcAuto.runPeriodic_Info: [9.160] detected=true, x=3.6,y=-3.8, depth=156.6, area=1.5
GlobalTracer.FrcAuto.runPeriodic_Info: [9.180] detected=true, x=3.6,y=-3.8, depth=156.6, area=1.5
GlobalTracer.FrcAuto.runPeriodic_Info: [9.201] detected=true, x=3.6,y=-3.8, depth=156.6, area=1.5
GlobalTracer.FrcAuto.runPeriodic_Info: [9.222] detected=true, x=3.6,y=-3.8, depth=156.6, area=1.5
GlobalTracer.FrcAuto.runPeriodic_Info: [9.242] detected=true, x=3.6,y=-3.8, depth=156.6, area=1.5
GlobalTracer.FrcAuto.runPeriodic_Info: [9.262] detected=true, x=3.6,y=-3.8, depth=156.6, area=1.5
GlobalTracer.FrcAuto.runPeriodic_Info: [9.282] detected=true, x=3.6,y=-3.8, depth=156.6, area=1.5
GlobalTracer.FrcAuto.runPeriodic_Info: [9.302] detected=true, x=3.6,y=-3.8, depth=156.6, area=1.5
GlobalTracer.FrcAuto.runPeriodic_Info: [9.323] detected=true, x=3.6,y=-3.8, depth=156.6, area=1.5
GlobalTracer.FrcAuto.runPeriodic_Info: [9.341] detected=true, x=3.6,y=-3.8, depth=156.6, area=1.5
GlobalTracer.FrcAuto.runPeriodic_Info: [9.360] detected=true, x=3.6,y=-3.8, depth=156.6, area=1.5
GlobalTracer.FrcAuto.runPeriodic_Info: [9.380] detected=true, x=3.6,y=-3.8, depth=156.6, area=1.5
GlobalTracer.FrcAuto.runPeriodic_Info: [9.403] detected=true, x=3.6,y=-3.8, depth=156.6, area=1.5
GlobalTracer.FrcAuto.runPeriodic_Info: [9.419] detected=true, x=3.6,y=-3.8, depth=156.6, area=1.5
GlobalTracer.FrcAuto.runPeriodic_Info: [9.440] detected=true, x=3.6,y=-3.8, depth=156.6, area=1.5
GlobalTracer.FrcAuto.runPeriodic_Info: [9.460] detected=true, x=3.6,y=-3.8, depth=156.6, area=1.5
GlobalTracer.FrcAuto.runPeriodic_Info: [9.480] detected=true, x=3.6,y=-3.8, depth=156.6, area=1.5
GlobalTracer.FrcAuto.runPeriodic_Info: [9.505] detected=true, x=3.6,y=-3.8, depth=156.6, area=1.4
GlobalTracer.FrcAuto.runPeriodic_Info: [9.524] detected=true, x=3.6,y=-3.8, depth=156.6, area=1.5
GlobalTracer.FrcAuto.runPeriodic_Info: [9.554] detected=true, x=3.6,y=-3.8, depth=156.6, area=1.5
GlobalTracer.FrcAuto.runPeriodic_Info: [9.563] detected=true, x=3.6,y=-3.8, depth=156.6, area=1.4
GlobalTracer.FrcAuto.runPeriodic_Info: [9.592] detected=true, x=3.6,y=-3.8, depth=156.6, area=1.4
GlobalTracer.FrcAuto.runPeriodic_Info: [9.604] detected=true, x=3.6,y=-3.8, depth=156.6, area=1.4
GlobalTracer.FrcAuto.runPeriodic_Info: [9.619] detected=true, x=3.6,y=-3.8, depth=156.6, area=1.4
GlobalTracer.FrcAuto.runPeriodic_Info: [9.643] detected=true, x=3.6,y=-3.8, depth=156.6, area=1.4
GlobalTracer.FrcAuto.runPeriodic_Info: [9.661] detected=true, x=3.6,y=-3.8, depth=156.6, area=1.4
GlobalTracer.FrcAuto.runPeriodic_Info: [9.686] detected=true, x=3.6,y=-3.8, depth=156.6, area=1.5
GlobalTracer.FrcAuto.runPeriodic_Info: [9.701] detected=true, x=3.6,y=-3.8, depth=156.6, area=1.4
GlobalTracer.FrcAuto.runPeriodic_Info: [9.720] detected=true, x=3.6,y=-3.8, depth=156.6, area=1.4
GlobalTracer.FrcAuto.runPeriodic_Info: [9.741] detected=true, x=3.6,y=-3.8, depth=156.6, area=1.4
GlobalTracer.FrcAuto.runPeriodic_Info: [9.761] detected=true, x=3.6,y=-3.8, depth=156.6, area=1.5
GlobalTracer.FrcAuto.runPeriodic_Info: [9.783] detected=true, x=3.6,y=-3.8, depth=156.6, area=1.4
GlobalTracer.FrcAuto.runPeriodic_Info: [9.802] detected=true, x=3.6,y=-3.8, depth=156.6, area=1.4
GlobalTracer.FrcAuto.runPeriodic_Info: [9.824] detected=true, x=3.6,y=-3.8, depth=156.6, area=1.4
GlobalTracer.FrcAuto.runPeriodic_Info: [9.843] detected=true, x=3.6,y=-3.8, depth=156.6, area=1.5
GlobalTracer.FrcAuto.runPeriodic_Info: [9.864] detected=true, x=3.6,y=-3.8, depth=156.6, area=1.5
GlobalTracer.FrcAuto.runPeriodic_Info: [9.881] detected=true, x=3.6,y=-3.8, depth=156.6, area=1.4
GlobalTracer.FrcAuto.runPeriodic_Info: [9.914] detected=true, x=3.6,y=-3.8, depth=156.6, area=1.5
GlobalTracer.FrcAuto.runPeriodic_Info: [9.931] detected=true, x=3.6,y=-3.8, depth=156.6, area=1.4
GlobalTracer.FrcAuto.runPeriodic_Info: [9.947] detected=true, x=3.6,y=-3.8, depth=156.6, area=1.4
GlobalTracer.FrcAuto.runPeriodic_Info: [9.968] detected=true, x=3.6,y=-3.8, depth=156.6, area=1.4
GlobalTracer.FrcAuto.runPeriodic_Info: [9.982] detected=true, x=3.6,y=-3.8, depth=156.6, area=1.4
GlobalTracer.FrcAuto.runPeriodic_Info: [10.003] detected=true, x=3.6,y=-3.8, depth=156.6, area=1.5
GlobalTracer.FrcAuto.runPeriodic_Info: [10.023] detected=true, x=3.6,y=-3.8, depth=156.6, area=1.4
GlobalTracer.FrcAuto.runPeriodic_Info: [10.047] detected=true, x=3.6,y=-3.8, depth=156.6, area=1.5
GlobalTracer.FrcAuto.runPeriodic_Info: [10.066] detected=true, x=3.6,y=-3.8, depth=156.6, area=1.5
GlobalTracer.FrcAuto.runPeriodic_Info: [10.084] detected=true, x=3.6,y=-3.8, depth=156.6, area=1.4
GlobalTracer.FrcAuto.runPeriodic_Info: [10.102] detected=true, x=3.6,y=-3.8, depth=156.6, area=1.5
GlobalTracer.FrcAuto.runPeriodic_Info: [10.120] detected=true, x=3.6,y=-3.8, depth=156.6, area=1.5
GlobalTracer.FrcAuto.runPeriodic_Info: [10.142] detected=true, x=3.6,y=-3.8, depth=156.6, area=1.5
GlobalTracer.FrcAuto.runPeriodic_Info: [10.160] detected=true, x=3.6,y=-3.8, depth=156.6, area=1.5
GlobalTracer.FrcAuto.runPeriodic_Info: [10.180] detected=true, x=3.6,y=-3.8, depth=156.6, area=1.4
GlobalTracer.FrcAuto.runPeriodic_Info: [10.205] detected=true, x=3.6,y=-3.8, depth=156.6, area=1.4
GlobalTracer.FrcAuto.runPeriodic_Info: [10.220] detected=true, x=3.6,y=-3.8, depth=156.6, area=1.4
GlobalTracer.FrcAuto.runPeriodic_Info: [10.241] detected=true, x=3.6,y=-3.8, depth=156.6, area=1.5
GlobalTracer.FrcAuto.runPeriodic_Info: [10.259] detected=true, x=3.6,y=-3.8, depth=156.6, area=1.4
GlobalTracer.FrcAuto.runPeriodic_Info: [10.281] detected=true, x=3.6,y=-3.8, depth=156.6, area=1.5
GlobalTracer.FrcAuto.runPeriodic_Info: [10.303] detected=true, x=3.6,y=-3.8, depth=156.6, area=1.4
GlobalTracer.FrcAuto.runPeriodic_Info: [10.323] detected=true, x=3.6,y=-3.8, depth=156.6, area=1.5
GlobalTracer.FrcAuto.runPeriodic_Info: [10.340] detected=true, x=3.6,y=-3.8, depth=156.6, area=1.5
GlobalTracer.FrcAuto.runPeriodic_Info: [10.361] detected=true, x=3.6,y=-3.8, depth=156.6, area=1.5
GlobalTracer.FrcAuto.runPeriodic_Info: [10.379] detected=true, x=3.6,y=-3.8, depth=156.6, area=1.5
GlobalTracer.FrcAuto.runPeriodic_Info: [10.400] detected=true, x=3.6,y=-3.8, depth=156.6, area=1.4
GlobalTracer.FrcAuto.runPeriodic_Info: [10.427] detected=true, x=3.6,y=-3.8, depth=156.6, area=1.4
GlobalTracer.FrcAuto.runPeriodic_Info: [10.441] detected=true, x=3.6,y=-3.8, depth=156.6, area=1.5
GlobalTracer.FrcAuto.runPeriodic_Info: [10.462] detected=true, x=3.6,y=-3.8, depth=156.6, area=1.4
GlobalTracer.FrcAuto.runPeriodic_Info: [10.479] detected=true, x=3.6,y=-3.8, depth=156.6, area=1.4
GlobalTracer.FrcAuto.runPeriodic_Info: [10.501] detected=true, x=3.6,y=-3.8, depth=156.6, area=1.4
GlobalTracer.FrcAuto.runPeriodic_Info: [10.523] detected=true, x=3.6,y=-3.8, depth=156.6, area=1.5
GlobalTracer.FrcAuto.runPeriodic_Info: [10.571] detected=true, x=3.6,y=-3.8, depth=156.6, area=1.5
GlobalTracer.FrcAuto.runPeriodic_Info: [10.582] detected=true, x=3.6,y=-3.8, depth=156.6, area=1.5
GlobalTracer.FrcAuto.runPeriodic_Info: [10.605] detected=true, x=3.6,y=-3.8, depth=156.6, area=1.4
GlobalTracer.FrcAuto.runPeriodic_Info: [10.625] detected=true, x=3.6,y=-3.8, depth=156.6, area=1.5
GlobalTracer.FrcAuto.runPeriodic_Info: [10.663] detected=true, x=3.6,y=-3.8, depth=156.6, area=1.4
GlobalTracer.FrcAuto.runPeriodic_Info: [10.682] detected=true, x=3.6,y=-3.8, depth=156.6, area=1.4
GlobalTracer.FrcAuto.runPeriodic_Info: [10.723] detected=true, x=3.6,y=-3.8, depth=156.6, area=1.4
GlobalTracer.FrcAuto.runPeriodic_Info: [10.745] detected=true, x=3.6,y=-3.8, depth=156.6, area=1.5
GlobalTracer.FrcAuto.runPeriodic_Info: [10.762] detected=true, x=3.6,y=-3.8, depth=156.6, area=1.4
GlobalTracer.FrcAuto.runPeriodic_Info: [10.782] detected=true, x=3.6,y=-3.8, depth=156.6, area=1.4
GlobalTracer.FrcAuto.runPeriodic_Info: [10.808] detected=true, x=3.6,y=-3.8, depth=156.6, area=1.4
GlobalTracer.FrcAuto.runPeriodic_Info: [10.823] detected=true, x=3.6,y=-3.8, depth=156.6, area=1.4
GlobalTracer.FrcAuto.runPeriodic_Info: [10.843] detected=true, x=3.6,y=-3.8, depth=156.6, area=1.5
GlobalTracer.FrcAuto.runPeriodic_Info: [10.862] detected=true, x=3.6,y=-3.8, depth=156.6, area=1.4
GlobalTracer.FrcAuto.runPeriodic_Info: [10.882] detected=true, x=3.6,y=-3.8, depth=156.6, area=1.4
GlobalTracer.FrcAuto.runPeriodic_Info: [10.902] detected=true, x=3.6,y=-3.8, depth=156.6, area=1.5
GlobalTracer.FrcAuto.runPeriodic_Info: [10.923] detected=true, x=3.6,y=-3.8, depth=156.6, area=1.5
GlobalTracer.FrcAuto.runPeriodic_Info: [10.944] detected=true, x=3.6,y=-3.8, depth=156.6, area=1.5
GlobalTracer.FrcAuto.runPeriodic_Info: [10.965] detected=true, x=3.6,y=-3.8, depth=156.6, area=1.5
GlobalTracer.FrcAuto.runPeriodic_Info: [11.005] detected=true, x=3.6,y=-3.8, depth=156.6, area=1.4
GlobalTracer.FrcAuto.runPeriodic_Info: [11.028] detected=true, x=3.6,y=-3.8, depth=156.6, area=1.5
GlobalTracer.FrcAuto.runPeriodic_Info: [11.044] detected=true, x=3.6,y=-3.8, depth=156.6, area=1.5
GlobalTracer.FrcAuto.runPeriodic_Info: [11.068] detected=true, x=3.6,y=-3.8, depth=156.6, area=1.5
GlobalTracer.FrcAuto.runPeriodic_Info: [11.085] detected=true, x=3.6,y=-3.8, depth=156.6, area=1.5
GlobalTracer.FrcAuto.runPeriodic_Info: [11.101] detected=true, x=3.6,y=-3.8, depth=156.6, area=1.4
GlobalTracer.FrcAuto.runPeriodic_Info: [11.121] detected=true, x=3.6,y=-3.8, depth=156.6, area=1.5
GlobalTracer.FrcAuto.runPeriodic_Info: [11.142] detected=true, x=3.6,y=-3.8, depth=156.6, area=1.5
GlobalTracer.FrcAuto.runPeriodic_Info: [11.161] detected=true, x=3.6,y=-3.8, depth=156.6, area=1.4
GlobalTracer.FrcAuto.runPeriodic_Info: [11.179] detected=true, x=3.6,y=-3.8, depth=156.6, area=1.5
GlobalTracer.FrcAuto.runPeriodic_Info: [11.208] detected=true, x=3.6,y=-3.8, depth=156.6, area=1.4
GlobalTracer.FrcAuto.runPeriodic_Info: [11.227] detected=true, x=-29.5,y=-14.1, depth=270.0, area=0.0
GlobalTracer.FrcAuto.runPeriodic_Info: [11.248] detected=true, x=3.6,y=-3.8, depth=156.6, area=1.4
GlobalTracer.FrcAuto.runPeriodic_Info: [11.263] detected=true, x=3.6,y=-3.8, depth=156.6, area=1.5
GlobalTracer.FrcAuto.runPeriodic_Info: [11.283] detected=true, x=3.6,y=-3.8, depth=156.6, area=1.5
GlobalTracer.FrcAuto.runPeriodic_Info: [11.302] detected=true, x=3.6,y=-3.8, depth=156.6, area=1.5
GlobalTracer.FrcAuto.runPeriodic_Info: [11.321] detected=true, x=3.6,y=-3.8, depth=156.6, area=1.4
GlobalTracer.FrcAuto.runPeriodic_Info: [11.342] detected=true, x=3.6,y=-3.8, depth=156.6, area=1.4
GlobalTracer.FrcAuto.runPeriodic_Info: [11.362] detected=true, x=3.6,y=-3.8, depth=156.6, area=1.5
GlobalTracer.FrcAuto.runPeriodic_Info: [11.382] detected=true, x=3.6,y=-3.8, depth=156.6, area=1.5
GlobalTracer.FrcAuto.runPeriodic_Info: [11.404] detected=true, x=3.6,y=-3.8, depth=156.6, area=1.5
GlobalTracer.FrcAuto.runPeriodic_Info: [11.423] detected=true, x=3.6,y=-3.8, depth=156.6, area=1.5
GlobalTracer.FrcAuto.runPeriodic_Info: [11.442] detected=true, x=3.6,y=-3.8, depth=156.6, area=1.5
GlobalTracer.FrcAuto.runPeriodic_Info: [11.475] detected=true, x=3.6,y=-3.8, depth=156.6, area=1.4
GlobalTracer.FrcAuto.runPeriodic_Info: [11.487] detected=true, x=3.6,y=-3.8, depth=156.6, area=1.5
GlobalTracer.FrcAuto.runPeriodic_Info: [11.505] detected=true, x=3.6,y=-3.8, depth=156.6, area=1.5
GlobalTracer.FrcAuto.runPeriodic_Info: [11.526] detected=true, x=3.6,y=-3.8, depth=156.6, area=1.4
GlobalTracer.FrcAuto.runPeriodic_Info: [11.542] detected=true, x=3.6,y=-3.8, depth=156.6, area=1.4
GlobalTracer.FrcAuto.runPeriodic_Info: [11.561] detected=true, x=3.6,y=-3.8, depth=156.6, area=1.5
GlobalTracer.FrcAuto.runPeriodic_Info: [11.587] detected=true, x=3.6,y=-3.8, depth=156.6, area=1.5
GlobalTracer.FrcAuto.runPeriodic_Info: [11.604] detected=true, x=3.6,y=-3.8, depth=156.6, area=1.5
GlobalTracer.FrcAuto.runPeriodic_Info: [11.623] detected=true, x=3.6,y=-3.8, depth=156.6, area=1.4
GlobalTracer.FrcAuto.runPeriodic_Info: [11.642] detected=true, x=3.6,y=-3.8, depth=156.6, area=1.5
GlobalTracer.FrcAuto.runPeriodic_Info: [11.664] detected=true, x=3.6,y=-3.8, depth=156.6, area=1.5
GlobalTracer.FrcAuto.runPeriodic_Info: [11.682] detected=true, x=3.6,y=-3.8, depth=156.6, area=1.4
GlobalTracer.FrcAuto.runPeriodic_Info: [11.701] detected=true, x=3.6,y=-3.8, depth=156.6, area=1.5
GlobalTracer.FrcAuto.runPeriodic_Info: [11.723] detected=true, x=3.6,y=-3.8, depth=156.6, area=1.4
GlobalTracer.FrcAuto.runPeriodic_Info: [11.741] detected=true, x=-29.5,y=-13.8, depth=264.5, area=0.0
GlobalTracer.FrcAuto.runPeriodic_Info: [11.761] detected=true, x=3.6,y=-3.8, depth=156.6, area=1.4
GlobalTracer.FrcAuto.runPeriodic_Info: [11.781] detected=true, x=3.6,y=-3.8, depth=156.6, area=1.4
GlobalTracer.FrcAuto.runPeriodic_Info: [11.803] detected=true, x=3.6,y=-3.8, depth=156.6, area=1.5
GlobalTracer.FrcAuto.runPeriodic_Info: [11.821] detected=true, x=3.6,y=-3.8, depth=156.6, area=1.4
GlobalTracer.FrcAuto.runPeriodic_Info: [11.843] detected=true, x=3.6,y=-3.8, depth=156.6, area=1.5
GlobalTracer.FrcAuto.runPeriodic_Info: [11.865] detected=true, x=3.6,y=-3.8, depth=156.6, area=1.5
GlobalTracer.FrcAuto.runPeriodic_Info: [11.882] detected=true, x=3.6,y=-3.8, depth=156.6, area=1.5
GlobalTracer.FrcAuto.runPeriodic_Info: [11.903] detected=true, x=3.6,y=-3.8, depth=156.6, area=1.5
GlobalTracer.FrcAuto.runPeriodic_Info: [11.923] detected=true, x=3.6,y=-3.8, depth=156.6, area=1.5
GlobalTracer.FrcAuto.runPeriodic_Info: [11.940] detected=true, x=3.6,y=-3.8, depth=156.6, area=1.5
GlobalTracer.FrcAuto.runPeriodic_Info: [11.961] detected=true, x=3.6,y=-3.8, depth=156.6, area=1.5
GlobalTracer.FrcAuto.runPeriodic_Info: [11.980] detected=true, x=3.6,y=-3.8, depth=156.6, area=1.4
GlobalTracer.FrcAuto.runPeriodic_Info: [12.000] detected=true, x=3.6,y=-3.8, depth=156.6, area=1.5
GlobalTracer.FrcAuto.runPeriodic_Info: [12.021] detected=true, x=3.6,y=-3.8, depth=156.6, area=1.5
GlobalTracer.FrcAuto.runPeriodic_Info: [12.041] detected=true, x=3.6,y=-3.8, depth=156.6, area=1.5
GlobalTracer.FrcAuto.runPeriodic_Info: [12.061] detected=true, x=3.6,y=-3.8, depth=156.6, area=1.5
GlobalTracer.FrcAuto.runPeriodic_Info: [12.079] detected=true, x=3.6,y=-3.8, depth=156.6, area=1.5
GlobalTracer.FrcAuto.runPeriodic_Info: [12.101] detected=true, x=3.6,y=-3.8, depth=156.6, area=1.5
GlobalTracer.FrcAuto.runPeriodic_Info: [12.121] detected=true, x=3.6,y=-3.8, depth=156.6, area=1.4
GlobalTracer.FrcAuto.runPeriodic_Info: [12.140] detected=true, x=3.6,y=-3.8, depth=156.6, area=1.5
GlobalTracer.FrcAuto.runPeriodic_Info: [12.160] detected=true, x=3.6,y=-3.8, depth=156.6, area=1.5
GlobalTracer.FrcAuto.runPeriodic_Info: [12.184] detected=true, x=3.6,y=-3.8, depth=156.6, area=1.5
GlobalTracer.FrcAuto.runPeriodic_Info: [12.205] detected=true, x=3.6,y=-3.8, depth=156.4, area=1.5
GlobalTracer.FrcAuto.runPeriodic_Info: [12.222] detected=true, x=3.6,y=-3.8, depth=156.6, area=1.5
GlobalTracer.FrcAuto.runPeriodic_Info: [12.241] detected=true, x=3.6,y=-3.8, depth=156.6, area=1.5
GlobalTracer.FrcAuto.runPeriodic_Info: [12.260] detected=true, x=3.6,y=-3.8, depth=156.6, area=1.4
GlobalTracer.FrcAuto.runPeriodic_Info: [12.285] detected=true, x=3.6,y=-3.8, depth=156.6, area=1.5
GlobalTracer.FrcAuto.runPeriodic_Info: [12.301] detected=true, x=3.6,y=-3.8, depth=156.6, area=1.4
GlobalTracer.FrcAuto.runPeriodic_Info: [12.321] detected=true, x=3.6,y=-3.8, depth=156.6, area=1.5
GlobalTracer.FrcAuto.runPeriodic_Info: [12.343] detected=true, x=3.6,y=-3.8, depth=156.6, area=1.5
GlobalTracer.FrcAuto.runPeriodic_Info: [12.363] detected=true, x=3.6,y=-3.8, depth=156.6, area=1.4
GlobalTracer.FrcAuto.runPeriodic_Info: [12.380] detected=true, x=3.6,y=-3.8, depth=156.6, area=1.5
GlobalTracer.FrcAuto.runPeriodic_Info: [12.403] detected=true, x=3.6,y=-3.8, depth=156.6, area=1.4
GlobalTracer.FrcAuto.runPeriodic_Info: [12.423] detected=true, x=3.6,y=-3.8, depth=156.6, area=1.5
GlobalTracer.FrcAuto.runPeriodic_Info: [12.443] detected=true, x=3.6,y=-3.8, depth=156.6, area=1.4
GlobalTracer.FrcAuto.runPeriodic_Info: [12.462] detected=true, x=3.6,y=-3.8, depth=156.6, area=1.4
GlobalTracer.FrcAuto.runPeriodic_Info: [12.483] detected=true, x=3.6,y=-3.8, depth=156.6, area=1.5
GlobalTracer.FrcAuto.runPeriodic_Info: [12.502] detected=true, x=3.6,y=-3.8, depth=156.6, area=1.4
GlobalTracer.FrcAuto.runPeriodic_Info: [12.523] detected=true, x=3.6,y=-3.8, depth=156.6, area=1.5
GlobalTracer.FrcAuto.runPeriodic_Info: [12.541] detected=true, x=3.6,y=-3.8, depth=156.6, area=1.4
GlobalTracer.FrcAuto.runPeriodic_Info: [12.562] detected=true, x=3.6,y=-3.8, depth=156.4, area=1.5
GlobalTracer.FrcAuto.runPeriodic_Info: [12.582] detected=true, x=3.6,y=-3.8, depth=156.6, area=1.5
GlobalTracer.FrcAuto.runPeriodic_Info: [12.600] detected=true, x=3.6,y=-3.8, depth=156.6, area=1.4
GlobalTracer.FrcAuto.runPeriodic_Info: [12.624] detected=true, x=3.6,y=-3.8, depth=156.6, area=1.5
GlobalTracer.FrcAuto.runPeriodic_Info: [12.641] detected=true, x=3.6,y=-3.8, depth=156.6, area=1.4
GlobalTracer.FrcAuto.runPeriodic_Info: [12.679] detected=true, x=3.6,y=-3.8, depth=156.6, area=1.5
GlobalTracer.FrcAuto.runPeriodic_Info: [12.686] detected=true, x=3.6,y=-3.8, depth=156.6, area=1.4
GlobalTracer.FrcAuto.runPeriodic_Info: [12.702] detected=true, x=3.6,y=-3.8, depth=156.6, area=1.5
GlobalTracer.FrcAuto.runPeriodic_Info: [12.720] detected=true, x=3.6,y=-3.8, depth=156.6, area=1.5
GlobalTracer.FrcAuto.runPeriodic_Info: [12.739] detected=true, x=3.6,y=-3.8, depth=156.6, area=1.4
GlobalTracer.FrcAuto.runPeriodic_Info: [12.761] detected=true, x=3.6,y=-3.8, depth=156.6, area=1.5
GlobalTracer.FrcAuto.runPeriodic_Info: [12.782] detected=true, x=3.6,y=-3.8, depth=156.6, area=1.4
GlobalTracer.FrcAuto.runPeriodic_Info: [12.799] detected=true, x=3.6,y=-3.8, depth=156.6, area=1.5
GlobalTracer.FrcAuto.runPeriodic_Info: [12.820] detected=true, x=3.6,y=-3.8, depth=156.6, area=1.4
GlobalTracer.FrcAuto.runPeriodic_Info: [12.840] detected=true, x=3.6,y=-3.8, depth=156.6, area=1.5
GlobalTracer.FrcAuto.runPeriodic_Info: [12.861] detected=true, x=3.6,y=-3.8, depth=156.6, area=1.4
GlobalTracer.FrcAuto.runPeriodic_Info: [12.880] detected=true, x=-29.5,y=-13.7, depth=262.7, area=0.0
GlobalTracer.FrcAuto.runPeriodic_Info: [12.899] detected=true, x=3.6,y=-3.8, depth=156.6, area=1.5
GlobalTracer.FrcAuto.runPeriodic_Info: [12.921] detected=true, x=3.6,y=-3.8, depth=156.6, area=1.5
GlobalTracer.FrcAuto.runPeriodic_Info: [12.941] detected=true, x=3.6,y=-3.8, depth=156.6, area=1.5
GlobalTracer.FrcAuto.runPeriodic_Info: [12.962] detected=true, x=3.6,y=-3.8, depth=156.4, area=1.5
GlobalTracer.FrcAuto.runPeriodic_Info: [12.981] detected=true, x=3.6,y=-3.8, depth=156.6, area=1.5
GlobalTracer.FrcAuto.runPeriodic_Info: [13.001] detected=true, x=3.6,y=-3.8, depth=156.6, area=1.4
GlobalTracer.FrcAuto.runPeriodic_Info: [13.021] detected=true, x=3.6,y=-3.8, depth=156.6, area=1.5
GlobalTracer.FrcAuto.runPeriodic_Info: [13.043] detected=true, x=3.6,y=-3.8, depth=156.6, area=1.4
GlobalTracer.FrcAuto.runPeriodic_Info: [13.059] detected=true, x=3.6,y=-3.8, depth=156.6, area=1.5
GlobalTracer.FrcAuto.runPeriodic_Info: [13.083] detected=true, x=3.6,y=-3.8, depth=156.6, area=1.4
GlobalTracer.FrcAuto.runPeriodic_Info: [13.102] detected=true, x=3.6,y=-3.8, depth=156.6, area=1.5
GlobalTracer.FrcAuto.runPeriodic_Info: [13.122] detected=true, x=3.6,y=-3.8, depth=156.6, area=1.4
GlobalTracer.FrcAuto.runPeriodic_Info: [13.140] detected=true, x=3.6,y=-3.8, depth=156.4, area=1.5
GlobalTracer.FrcAuto.runPeriodic_Info: [13.167] detected=true, x=3.6,y=-3.8, depth=156.6, area=1.4
GlobalTracer.FrcAuto.runPeriodic_Info: [13.181] detected=true, x=3.6,y=-3.8, depth=156.6, area=1.4
GlobalTracer.FrcAuto.runPeriodic_Info: [13.203] detected=true, x=3.6,y=-3.8, depth=156.4, area=1.5
GlobalTracer.FrcAuto.runPeriodic_Info: [13.223] detected=true, x=3.6,y=-3.8, depth=156.6, area=1.4
GlobalTracer.FrcAuto.runPeriodic_Info: [13.242] detected=true, x=3.6,y=-3.8, depth=156.6, area=1.4
GlobalTracer.FrcAuto.runPeriodic_Info: [13.261] detected=true, x=3.6,y=-3.8, depth=156.6, area=1.5
GlobalTracer.FrcAuto.runPeriodic_Info: [13.281] detected=true, x=3.6,y=-3.8, depth=156.4, area=1.5
GlobalTracer.FrcAuto.runPeriodic_Info: [13.301] detected=true, x=3.6,y=-3.8, depth=156.6, area=1.5
GlobalTracer.FrcAuto.runPeriodic_Info: [13.319] detected=true, x=3.6,y=-3.8, depth=156.6, area=1.4
GlobalTracer.FrcAuto.runPeriodic_Info: [13.347] detected=true, x=3.6,y=-3.8, depth=156.6, area=1.5
GlobalTracer.FrcAuto.runPeriodic_Info: [13.361] detected=true, x=3.6,y=-3.8, depth=156.6, area=1.4
GlobalTracer.FrcAuto.runPeriodic_Info: [13.380] detected=true, x=3.6,y=-3.8, depth=156.6, area=1.5
GlobalTracer.FrcAuto.runPeriodic_Info: [13.402] detected=true, x=3.6,y=-3.8, depth=156.6, area=1.5
GlobalTracer.FrcAuto.runPeriodic_Info: [13.421] detected=true, x=3.6,y=-3.8, depth=156.6, area=1.5
GlobalTracer.FrcAuto.runPeriodic_Info: [13.441] detected=true, x=3.6,y=-3.8, depth=156.6, area=1.5
GlobalTracer.FrcAuto.runPeriodic_Info: [13.460] detected=true, x=3.6,y=-3.8, depth=156.6, area=1.4
GlobalTracer.FrcAuto.runPeriodic_Info: [13.480] detected=true, x=3.6,y=-3.8, depth=156.4, area=1.5
GlobalTracer.FrcAuto.runPeriodic_Info: [13.501] detected=true, x=3.6,y=-3.8, depth=156.6, area=1.4
GlobalTracer.FrcAuto.runPeriodic_Info: [13.522] detected=true, x=3.6,y=-3.8, depth=156.6, area=1.5
GlobalTracer.FrcAuto.runPeriodic_Info: [13.541] detected=true, x=3.6,y=-3.8, depth=156.6, area=1.4
GlobalTracer.FrcAuto.runPeriodic_Info: [13.563] detected=true, x=3.6,y=-3.8, depth=156.6, area=1.5
GlobalTracer.FrcAuto.runPeriodic_Info: [13.582] detected=true, x=3.6,y=-3.8, depth=156.6, area=1.4
GlobalTracer.FrcAuto.runPeriodic_Info: [13.600] detected=true, x=3.6,y=-3.8, depth=156.6, area=1.4
GlobalTracer.FrcAuto.runPeriodic_Info: [13.637] detected=true, x=3.6,y=-3.8, depth=156.6, area=1.4
GlobalTracer.FrcAuto.runPeriodic_Info: [13.646] detected=true, x=3.6,y=-3.8, depth=156.6, area=1.4
GlobalTracer.FrcAuto.runPeriodic_Info: [13.663] detected=true, x=3.6,y=-3.8, depth=156.6, area=1.5
GlobalTracer.FrcAuto.runPeriodic_Info: [13.683] detected=true, x=3.6,y=-3.8, depth=156.6, area=1.5
GlobalTracer.FrcAuto.runPeriodic_Info: [13.702] detected=true, x=3.6,y=-3.8, depth=156.6, area=1.5
GlobalTracer.FrcAuto.runPeriodic_Info: [13.723] detected=true, x=3.6,y=-3.8, depth=156.6, area=1.5
GlobalTracer.FrcAuto.runPeriodic_Info: [13.741] detected=true, x=3.6,y=-3.8, depth=156.6, area=1.4
GlobalTracer.FrcAuto.runPeriodic_Info: [13.765] detected=true, x=3.6,y=-3.8, depth=156.6, area=1.5
GlobalTracer.FrcAuto.runPeriodic_Info: [13.786] detected=true, x=3.6,y=-3.8, depth=156.6, area=1.4
GlobalTracer.FrcAuto.runPeriodic_Info: [13.802] detected=true, x=3.6,y=-3.8, depth=156.6, area=1.5
GlobalTracer.FrcAuto.runPeriodic_Info: [13.821] detected=true, x=3.6,y=-3.8, depth=156.4, area=1.5
GlobalTracer.FrcAuto.runPeriodic_Info: [13.845] detected=true, x=3.6,y=-3.8, depth=156.6, area=1.5
GlobalTracer.FrcAuto.runPeriodic_Info: [13.864] detected=true, x=3.6,y=-3.8, depth=156.6, area=1.4
GlobalTracer.FrcAuto.runPeriodic_Info: [13.885] detected=true, x=3.6,y=-3.8, depth=156.6, area=1.4
GlobalTracer.FrcAuto.runPeriodic_Info: [13.905] detected=true, x=3.6,y=-3.8, depth=156.6, area=1.5
GlobalTracer.FrcAuto.runPeriodic_Info: [13.924] detected=true, x=3.6,y=-3.8, depth=156.6, area=1.4
GlobalTracer.FrcAuto.runPeriodic_Info: [13.941] detected=true, x=3.6,y=-3.8, depth=156.6, area=1.4
GlobalTracer.FrcAuto.runPeriodic_Info: [13.966] detected=true, x=3.6,y=-3.8, depth=156.6, area=1.4
GlobalTracer.FrcAuto.runPeriodic_Info: [13.983] detected=true, x=3.6,y=-3.8, depth=156.6, area=1.5
GlobalTracer.FrcAuto.runPeriodic_Info: [14.001] detected=true, x=3.6,y=-3.8, depth=156.6, area=1.4
GlobalTracer.FrcAuto.runPeriodic_Info: [14.021] detected=true, x=3.6,y=-3.8, depth=156.6, area=1.4
GlobalTracer.FrcAuto.runPeriodic_Info: [14.042] detected=true, x=3.6,y=-3.8, depth=156.6, area=1.5
GlobalTracer.FrcAuto.runPeriodic_Info: [14.060] detected=true, x=3.6,y=-3.8, depth=156.6, area=1.4
GlobalTracer.FrcAuto.runPeriodic_Info: [14.082] detected=true, x=3.6,y=-3.8, depth=156.6, area=1.5
GlobalTracer.FrcAuto.runPeriodic_Info: [14.102] detected=true, x=3.6,y=-3.8, depth=156.4, area=1.5
GlobalTracer.FrcAuto.runPeriodic_Info: [14.121] detected=true, x=3.6,y=-3.8, depth=156.6, area=1.5
GlobalTracer.FrcAuto.runPeriodic_Info: [14.142] detected=true, x=3.6,y=-3.8, depth=156.6, area=1.5
GlobalTracer.FrcAuto.runPeriodic_Info: [14.163] detected=true, x=3.6,y=-3.8, depth=156.6, area=1.5
GlobalTracer.FrcAuto.runPeriodic_Info: [14.179] detected=true, x=3.6,y=-3.8, depth=156.6, area=1.5
GlobalTracer.FrcAuto.runPeriodic_Info: [14.200] detected=true, x=3.6,y=-3.8, depth=156.6, area=1.4
GlobalTracer.FrcAuto.runPeriodic_Info: [14.219] detected=true, x=3.6,y=-3.8, depth=156.6, area=1.5
GlobalTracer.FrcAuto.runPeriodic_Info: [14.241] detected=true, x=3.6,y=-3.8, depth=156.6, area=1.4
GlobalTracer.FrcAuto.runPeriodic_Info: [14.259] detected=true, x=3.6,y=-3.8, depth=156.6, area=1.5
GlobalTracer.FrcAuto.runPeriodic_Info: [14.283] detected=true, x=3.6,y=-3.8, depth=156.6, area=1.4
GlobalTracer.FrcAuto.runPeriodic_Info: [14.299] detected=true, x=3.6,y=-3.8, depth=156.6, area=1.4
GlobalTracer.FrcAuto.runPeriodic_Info: [14.328] detected=true, x=3.6,y=-3.8, depth=156.6, area=1.4
GlobalTracer.FrcAuto.runPeriodic_Info: [14.344] detected=true, x=3.6,y=-3.8, depth=156.6, area=1.4
GlobalTracer.FrcAuto.runPeriodic_Info: [14.362] detected=true, x=3.6,y=-3.8, depth=156.6, area=1.4
GlobalTracer.FrcAuto.runPeriodic_Info: [14.384] detected=true, x=3.6,y=-3.8, depth=156.6, area=1.4
GlobalTracer.FrcAuto.runPeriodic_Info: [14.433] detected=true, x=3.6,y=-3.8, depth=156.6, area=1.5
GlobalTracer.FrcAuto.runPeriodic_Info: [14.445] detected=true, x=3.6,y=-3.8, depth=156.6, area=1.5
GlobalTracer.FrcAuto.runPeriodic_Info: [14.464] detected=true, x=3.6,y=-3.8, depth=156.6, area=1.5
GlobalTracer.FrcAuto.runPeriodic_Info: [14.485] detected=true, x=3.6,y=-3.8, depth=156.6, area=1.4
GlobalTracer.FrcAuto.runPeriodic_Info: [14.503] detected=true, x=3.6,y=-3.8, depth=156.6, area=1.4
GlobalTracer.FrcAuto.runPeriodic_Info: [14.521] detected=true, x=3.6,y=-3.8, depth=156.6, area=1.5
GlobalTracer.FrcAuto.runPeriodic_Info: [14.546] detected=true, x=3.6,y=-3.8, depth=156.6, area=1.5
GlobalTracer.FrcAuto.runPeriodic_Info: [14.562] detected=true, x=3.6,y=-3.8, depth=156.6, area=1.5
GlobalTracer.FrcAuto.runPeriodic_Info: [14.583] detected=true, x=3.6,y=-3.8, depth=156.6, area=1.4
GlobalTracer.FrcAuto.runPeriodic_Info: [14.601] detected=true, x=3.6,y=-3.8, depth=156.6, area=1.5
GlobalTracer.FrcAuto.runPeriodic_Info: [14.633] detected=true, x=3.6,y=-3.8, depth=156.6, area=1.4
GlobalTracer.FrcAuto.runPeriodic_Info: [14.645] detected=true, x=3.6,y=-3.8, depth=156.6, area=1.4
GlobalTracer.FrcAuto.runPeriodic_Info: [14.665] detected=true, x=3.6,y=-3.8, depth=156.6, area=1.4
GlobalTracer.FrcAuto.runPeriodic_Info: [14.682] detected=true, x=3.6,y=-3.8, depth=156.6, area=1.5
GlobalTracer.FrcAuto.runPeriodic_Info: [14.703] detected=true, x=3.6,y=-3.8, depth=156.6, area=1.4
GlobalTracer.FrcAuto.runPeriodic_Info: [14.727] detected=true, x=3.6,y=-3.8, depth=156.6, area=1.4
GlobalTracer.FrcAuto.runPeriodic_Info: [14.742] detected=true, x=3.6,y=-3.8, depth=156.6, area=1.4
GlobalTracer.FrcAuto.runPeriodic_Info: [14.765] detected=true, x=3.6,y=-3.8, depth=156.6, area=1.4
GlobalTracer.FrcAuto.runPeriodic_Info: [14.783] detected=true, x=3.6,y=-3.8, depth=156.6, area=1.4
GlobalTracer.FrcAuto.runPeriodic_Info: [14.806] detected=true, x=3.6,y=-3.8, depth=156.6, area=1.4
GlobalTracer.FrcAuto.runPeriodic_Info: [14.823] detected=true, x=3.6,y=-3.8, depth=156.6, area=1.5
GlobalTracer.FrcAuto.runPeriodic_Info: [14.841] detected=true, x=3.6,y=-3.8, depth=156.6, area=1.5
GlobalTracer.FrcAuto.runPeriodic_Info: [14.862] detected=true, x=3.6,y=-3.8, depth=156.6, area=1.4
GlobalTracer.FrcAuto.runPeriodic_Info: [14.882] detected=true, x=3.6,y=-3.8, depth=156.6, area=1.4
GlobalTracer.FrcAuto.runPeriodic_Info: [14.902] detected=true, x=3.6,y=-3.8, depth=156.6, area=1.4
GlobalTracer.FrcAuto.runPeriodic_Info: [14.922] detected=true, x=3.6,y=-3.8, depth=156.6, area=1.5
GlobalTracer.FrcAuto.runPeriodic_Info: [14.941] detected=true, x=3.6,y=-3.8, depth=156.6, area=1.5
GlobalTracer.FrcAuto.runPeriodic_Info: [14.964] detected=true, x=3.6,y=-3.8, depth=156.6, area=1.4
GlobalTracer.FrcAuto.runPeriodic_Info: [14.982] detected=true, x=3.6,y=-3.8, depth=156.6, area=1.4
GlobalTracer.FrcAuto.runPeriodic_Info: [15.004] detected=true, x=3.6,y=-3.8, depth=156.6, area=1.4
GlobalTracer.FrcAuto.runPeriodic_Info: [15.023] detected=true, x=3.6,y=-3.8, depth=156.6, area=1.4
GlobalTracer.FrcAuto.runPeriodic_Info: [15.043] detected=true, x=3.6,y=-3.8, depth=156.6, area=1.4
GlobalTracer.FrcAuto.runPeriodic_Info: [15.063] detected=true, x=3.6,y=-3.8, depth=156.6, area=1.4
GlobalTracer.FrcAuto.runPeriodic_Info: [15.083] detected=true, x=3.6,y=-3.8, depth=156.6, area=1.4
GlobalTracer.FrcAuto.runPeriodic_Info: [15.102] detected=true, x=3.6,y=-3.8, depth=156.6, area=1.4
GlobalTracer.FrcAuto.runPeriodic_Info: [15.121] detected=true, x=3.6,y=-3.8, depth=156.6, area=1.4
GlobalTracer.FrcAuto.runPeriodic_Info: [15.143] detected=true, x=3.6,y=-3.8, depth=156.6, area=1.4
GlobalTracer.FrcAuto.runPeriodic_Info: [15.166] detected=true, x=3.6,y=-3.8, depth=156.4, area=1.5
GlobalTracer.FrcAuto.runPeriodic_Info: [15.186] detected=true, x=3.6,y=-3.8, depth=156.6, area=1.4
GlobalTracer.FrcAuto.runPeriodic_Info: [15.203] detected=true, x=3.6,y=-3.8, depth=156.6, area=1.4
GlobalTracer.FrcAuto.runPeriodic_Info: [15.220] detected=true, x=3.6,y=-3.8, depth=156.6, area=1.4
GlobalTracer.FrcAuto.runPeriodic_Info: [15.241] detected=true, x=3.6,y=-3.8, depth=156.4, area=1.5
GlobalTracer.FrcAuto.runPeriodic_Info: [15.265] detected=true, x=3.6,y=-3.8, depth=156.6, area=1.4
GlobalTracer.FrcAuto.runPeriodic_Info: [15.284] detected=true, x=3.6,y=-3.8, depth=156.6, area=1.5
GlobalTracer.FrcAuto.runPeriodic_Info: [15.302] detected=true, x=3.6,y=-3.8, depth=156.6, area=1.4
GlobalTracer.FrcAuto.runPeriodic_Info: [15.319] detected=true, x=3.6,y=-3.8, depth=156.6, area=1.4
GlobalTracer.startCompetition_Info: *** Transitioning from AUTO_MODE to DISABLED_MODE ***
GlobalTracer.robotStopMode_Info: mode=AUTO_MODE,heading=-1.9
GlobalTracer.robotStopMode_Info: TotalEnergy=0.000Wh (0.00%)
